#
# There is insufficient memory for the Java Runtime Environment to continue.
# Native memory allocation (mmap) failed to map 59768832 bytes for Failed to commit area from 0x0000000091a00000 to 0x0000000095300000 of length 59768832.
# Possible reasons:
#   The system is out of physical RAM or swap space
#   The process is running with CompressedOops enabled, and the Java Heap may be blocking the growth of the native heap
# Possible solutions:
#   Reduce memory load on the system
#   Increase physical memory or swap space
#   Check if swap backing store is full
#   Decrease Java heap size (-Xmx/-Xms)
#   Decrease number of Java threads
#   Decrease Java thread stack sizes (-Xss)
#   Set larger code cache with -XX:ReservedCodeCacheSize=
#   JVM is running with Unscaled Compressed Oops mode in which the Java heap is
#     placed in the first 4GB address space. The Java Heap base address is the
#     maximum limit for the native heap growth. Please use -XX:HeapBaseMinAddress
#     to set the Java Heap base and to place the Java Heap above 4GB virtual address.
# This output file may be truncated or incomplete.
#
#  Out of Memory Error (./src/hotspot/os/windows/os_windows.cpp:3521), pid=6964, tid=9916
#
# JRE version: OpenJDK Runtime Environment (11.0.12+7) (build 11.0.12+7-b1504.28-7817840)
# Java VM: OpenJDK 64-Bit Server VM (11.0.12+7-b1504.28-7817840, mixed mode, tiered, compressed oops, g1 gc, windows-amd64)
# No core dump will be written. Minidumps are not enabled by default on client versions of Windows
#

---------------  S U M M A R Y ------------

Command Line: --add-opens=java.base/java.util=ALL-UNNAMED --add-opens=java.base/java.lang=ALL-UNNAMED --add-opens=java.base/java.lang.invoke=ALL-UNNAMED --add-opens=java.base/java.util=ALL-UNNAMED --add-opens=java.prefs/java.util.prefs=ALL-UNNAMED --add-opens=java.prefs/java.util.prefs=ALL-UNNAMED --add-opens=java.base/java.nio.charset=ALL-UNNAMED --add-opens=java.base/java.net=ALL-UNNAMED --add-opens=java.base/java.util.concurrent.atomic=ALL-UNNAMED -Xmx2048m -Dfile.encoding=UTF-8 -Duser.country=PH -Duser.language=en -Duser.variant org.gradle.launcher.daemon.bootstrap.GradleDaemon 7.5-rc-3

Host: Intel(R) Core(TM) i5-10300H CPU @ 2.50GHz, 8 cores, 7G,  Windows 10 , 64 bit Build 22000 (10.0.22000.708)
Time: Thu Jul 21 17:15:28 2022 Malay Peninsula Standard Time elapsed time: 103.976601 seconds (0d 0h 1m 43s)

---------------  T H R E A D  ---------------

Current thread (0x000001d0c6e69000):  VMThread "VM Thread" [stack: 0x0000006370c00000,0x0000006370d00000] [id=9916]

Stack: [0x0000006370c00000,0x0000006370d00000]
[error occurred during error reporting (printing stack bounds), id 0xc0000005, EXCEPTION_ACCESS_VIOLATION (0xc0000005) at pc=0x000001d0af4e112d]

Native frames: (J=compiled Java code, j=interpreted, Vv=VM code, C=native code)
V  [jvm.dll+0x5fbcea]
V  [jvm.dll+0x731905]
V  [jvm.dll+0x732f1d]
V  [jvm.dll+0x733535]
V  [jvm.dll+0x7334eb]
V  [jvm.dll+0x5fb080]
V  [jvm.dll+0x5fb818]
C  [ntdll.dll+0xa8eaf]
C  [ntdll.dll+0x35e9a]
C  [ntdll.dll+0xa7ebe]
C  0x000001d0af4e112d

VM_Operation (0x00000063799f31e0): G1CollectForAllocation, mode: safepoint, requested by thread 0x000001d0c9cc0800


---------------  P R O C E S S  ---------------

Threads class SMR info:
_java_thread_list=0x000001d0d1955ba0, length=145, elements={
0x000001d0aa1fc800, 0x000001d0c6647800, 0x000001d0c664a000, 0x000001d0c6eb8000,
0x000001d0c6eb9000, 0x000001d0c6eb9800, 0x000001d0c6ebc800, 0x000001d0c6ec1800,
0x000001d0c6ec6000, 0x000001d0c7036000, 0x000001d0c7038800, 0x000001d0c7037000,
0x000001d0c7039800, 0x000001d0c7f59000, 0x000001d0c7f5b000, 0x000001d0c7f5a000,
0x000001d0c7f5c800, 0x000001d0c7f5d000, 0x000001d0c7f5f000, 0x000001d0c7f5f800,
0x000001d0cab17000, 0x000001d0cab1a000, 0x000001d0cab18800, 0x000001d0cab16000,
0x000001d0cab1b000, 0x000001d0cab17800, 0x000001d0cab1e000, 0x000001d0cab20000,
0x000001d0cc654000, 0x000001d0cc655800, 0x000001d0cc656800, 0x000001d0cc650800,
0x000001d0cc651800, 0x000001d0cc658000, 0x000001d0cc652000, 0x000001d0cc658800,
0x000001d0cc653000, 0x000001d0cc659800, 0x000001d0d40a5800, 0x000001d0cc65a800,
0x000001d0cc654800, 0x000001d0cc65f000, 0x000001d0cc65b000, 0x000001d0cc65d800,
0x000001d0cc65c000, 0x000001d0cc65e800, 0x000001d0cab15800, 0x000001d0cab1f000,
0x000001d0cab1c000, 0x000001d0cab1d800, 0x000001d0cab19800, 0x000001d0cab23000,
0x000001d0cab24000, 0x000001d0c7034800, 0x000001d0c7035000, 0x000001d0c7033800,
0x000001d0c7037800, 0x000001d0c703a000, 0x000001d0c7f5e000, 0x000001d0c7f5b800,
0x000001d0d15df000, 0x000001d0d15dc800, 0x000001d0d15da000, 0x000001d0d15dd000,
0x000001d0d15de000, 0x000001d0d15d9000, 0x000001d0d15df800, 0x000001d0d15e0800,
0x000001d0d15da800, 0x000001d0d15db800, 0x000001d0d15e4800, 0x000001d0d15e1000,
0x000001d0d15e5800, 0x000001d0d15e2000, 0x000001d0d15e3000, 0x000001d0d15e6000,
0x000001d0d15e7000, 0x000001d0d15e7800, 0x000001d0d15e3800, 0x000001d0ccc0f000,
0x000001d0ccc0a000, 0x000001d0ccc0b000, 0x000001d0ccc0d800, 0x000001d0ccc09800,
0x000001d0ccc10000, 0x000001d0ccc0c800, 0x000001d0ccc0b800, 0x000001d0ccc0e000,
0x000001d0ce2f6000, 0x000001d0ce2f3800, 0x000001d0ce2f2000, 0x000001d0ce2f7000,
0x000001d0ce2f5800, 0x000001d0ce2f1000, 0x000001d0ce2f4800, 0x000001d0ce2f3000,
0x000001d0ce2f8000, 0x000001d0cc080000, 0x000001d0cc083800, 0x000001d0cc081000,
0x000001d0cc082800, 0x000001d0cc084000, 0x000001d0cc07e800, 0x000001d0cc081800,
0x000001d0cc085000, 0x000001d0cc07f000, 0x000001d0cc08b800, 0x000001d0cc086000,
0x000001d0cc08c800, 0x000001d0cc088000, 0x000001d0cc089000, 0x000001d0cc086800,
0x000001d0cc08d000, 0x000001d0cc08a000, 0x000001d0cc087800, 0x000001d0cc08a800,
0x000001d0c9cb8800, 0x000001d0c9cb6000, 0x000001d0c9cbb000, 0x000001d0c9cb7800,
0x000001d0c9cba000, 0x000001d0c9cb5000, 0x000001d0c9cb9000, 0x000001d0c9cbb800,
0x000001d0c9cbc800, 0x000001d0c9cb6800, 0x000001d0c9cbe000, 0x000001d0c9cbd800,
0x000001d0c9cbf000, 0x000001d0c9cc3000, 0x000001d0c9cc4000, 0x000001d0c9cc0800,
0x000001d0c9cc2000, 0x000001d0c9cbf800, 0x000001d0c9cc1800, 0x000001d0cca66800,
0x000001d0cca67800, 0x000001d0d1ee9000, 0x000001d0cca68800, 0x000001d0cca65000,
0x000001d0cca66000, 0x000001d0cca69000, 0x000001d0cca6a000, 0x000001d0cca64800,
0x000001d0cca6b000
}

Java Threads: ( => current thread )
  0x000001d0aa1fc800 JavaThread "main" [_thread_blocked, id=7660, stack(0x0000006370600000,0x0000006370700000)]
  0x000001d0c6647800 JavaThread "Reference Handler" daemon [_thread_blocked, id=15748, stack(0x0000006370d00000,0x0000006370e00000)]
  0x000001d0c664a000 JavaThread "Finalizer" daemon [_thread_blocked, id=17336, stack(0x0000006370e00000,0x0000006370f00000)]
  0x000001d0c6eb8000 JavaThread "Signal Dispatcher" daemon [_thread_blocked, id=22536, stack(0x0000006370f00000,0x0000006371000000)]
  0x000001d0c6eb9000 JavaThread "Attach Listener" daemon [_thread_blocked, id=8848, stack(0x0000006371000000,0x0000006371100000)]
  0x000001d0c6eb9800 JavaThread "Service Thread" daemon [_thread_blocked, id=5904, stack(0x0000006371100000,0x0000006371200000)]
  0x000001d0c6ebc800 JavaThread "C2 CompilerThread0" daemon [_thread_blocked, id=20088, stack(0x0000006371200000,0x0000006371300000)]
  0x000001d0c6ec1800 JavaThread "C1 CompilerThread0" daemon [_thread_blocked, id=21440, stack(0x0000006371300000,0x0000006371400000)]
  0x000001d0c6ec6000 JavaThread "Sweeper thread" daemon [_thread_blocked, id=18824, stack(0x0000006371400000,0x0000006371500000)]
  0x000001d0c7036000 JavaThread "Common-Cleaner" daemon [_thread_blocked, id=12520, stack(0x0000006371500000,0x0000006371600000)]
  0x000001d0c7038800 JavaThread "Daemon health stats" [_thread_blocked, id=1056, stack(0x0000006371b00000,0x0000006371c00000)]
  0x000001d0c7037000 JavaThread "Incoming local TCP Connector on port 61625" [_thread_in_native, id=2764, stack(0x0000006371c00000,0x0000006371d00000)]
  0x000001d0c7039800 JavaThread "Daemon periodic checks" [_thread_blocked, id=23312, stack(0x0000006371d00000,0x0000006371e00000)]
  0x000001d0c7f59000 JavaThread "Cache worker for journal cache (C:\Users\Adrianne Lois\.gradle\caches\journal-1)" [_thread_blocked, id=18256, stack(0x0000006372a00000,0x0000006372b00000)]
  0x000001d0c7f5b000 JavaThread "File lock request listener" [_thread_in_native, id=22052, stack(0x0000006372b00000,0x0000006372c00000)]
  0x000001d0c7f5a000 JavaThread "Cache worker for file hash cache (C:\Users\Adrianne Lois\.gradle\caches\7.5-rc-3\fileHashes)" [_thread_blocked, id=17236, stack(0x0000006372d00000,0x0000006372e00000)]
  0x000001d0c7f5c800 JavaThread "File watcher server" daemon [_thread_blocked, id=7724, stack(0x0000006372e00000,0x0000006372f00000)]
  0x000001d0c7f5d000 JavaThread "File watcher consumer" daemon [_thread_blocked, id=23476, stack(0x0000006372f00000,0x0000006373000000)]
  0x000001d0c7f5f000 JavaThread "jar transforms" [_thread_blocked, id=7288, stack(0x0000006373000000,0x0000006373100000)]
  0x000001d0c7f5f800 JavaThread "jar transforms Thread 2" [_thread_blocked, id=22768, stack(0x0000006373100000,0x0000006373200000)]
  0x000001d0cab17000 JavaThread "jar transforms Thread 3" [_thread_blocked, id=22124, stack(0x0000006373200000,0x0000006373300000)]
  0x000001d0cab1a000 JavaThread "jar transforms Thread 4" [_thread_blocked, id=21652, stack(0x0000006373300000,0x0000006373400000)]
  0x000001d0cab18800 JavaThread "jar transforms Thread 5" [_thread_blocked, id=16592, stack(0x0000006373400000,0x0000006373500000)]
  0x000001d0cab16000 JavaThread "jar transforms Thread 6" [_thread_blocked, id=19280, stack(0x0000006373500000,0x0000006373600000)]
  0x000001d0cab1b000 JavaThread "jar transforms Thread 7" [_thread_blocked, id=21932, stack(0x0000006373600000,0x0000006373700000)]
  0x000001d0cab17800 JavaThread "jar transforms Thread 8" [_thread_blocked, id=9432, stack(0x0000006373700000,0x0000006373800000)]
  0x000001d0cab1e000 JavaThread "Cache worker for file content cache (C:\Users\Adrianne Lois\.gradle\caches\7.5-rc-3\fileContent)" [_thread_blocked, id=2044, stack(0x0000006373a00000,0x0000006373b00000)]
  0x000001d0cab20000 JavaThread "Cache worker for execution history cache (C:\Users\Adrianne Lois\.gradle\caches\7.5-rc-3\executionHistory)" [_thread_blocked, id=21284, stack(0x0000006373c00000,0x0000006373d00000)]
  0x000001d0cc654000 JavaThread "Memory manager" [_thread_blocked, id=1640, stack(0x0000006379100000,0x0000006379200000)]
  0x000001d0cc655800 JavaThread "pool-3-thread-1" [_thread_blocked, id=22204, stack(0x0000006379200000,0x0000006379300000)]
  0x000001d0cc656800 JavaThread "Daemon Thread 2" [_thread_blocked, id=23080, stack(0x0000006370300000,0x0000006370400000)]
  0x000001d0cc650800 JavaThread "Handler for socket connection from /127.0.0.1:61625 to /127.0.0.1:61650" [_thread_in_native, id=16028, stack(0x0000006370400000,0x0000006370500000)]
  0x000001d0cc651800 JavaThread "Cancel handler" [_thread_blocked, id=6476, stack(0x0000006370500000,0x0000006370600000)]
  0x000001d0cc658000 JavaThread "Daemon worker Thread 2" [_thread_blocked, id=15932, stack(0x0000006371e00000,0x0000006371f00000)]
  0x000001d0cc652000 JavaThread "Asynchronous log dispatcher for DefaultDaemonConnection: socket connection from /127.0.0.1:61625 to /127.0.0.1:61650" [_thread_blocked, id=13160, stack(0x0000006371f00000,0x0000006372000000)]
  0x000001d0cc658800 JavaThread "Stdin handler" [_thread_blocked, id=4764, stack(0x0000006372500000,0x0000006372600000)]
  0x000001d0cc653000 JavaThread "Daemon client event forwarder" [_thread_blocked, id=17476, stack(0x0000006372600000,0x0000006372700000)]
  0x000001d0cc659800 JavaThread "Cache worker for checksums cache (C:\Program Files\AndroidStudioProjects\CS3C_Grp10_ANAVE\Quickash\.gradle\7.5-rc-3\checksums)" [_thread_blocked, id=17516, stack(0x0000006372700000,0x0000006372800000)]
  0x000001d0d40a5800 JavaThread "C2 CompilerThread1" daemon [_thread_blocked, id=19480, stack(0x0000006372800000,0x0000006372900000)]
  0x000001d0cc65a800 JavaThread "Cache worker for cache directory md-rule (C:\Users\Adrianne Lois\.gradle\caches\7.5-rc-3\md-rule)" [_thread_blocked, id=14376, stack(0x0000006373800000,0x0000006373900000)]
  0x000001d0cc654800 JavaThread "Cache worker for file hash cache (C:\Program Files\AndroidStudioProjects\CS3C_Grp10_ANAVE\Quickash\.gradle\7.5-rc-3\fileHashes)" [_thread_blocked, id=20908, stack(0x0000006373900000,0x0000006373a00000)]
  0x000001d0cc65f000 JavaThread "Cache worker for cache directory md-supplier (C:\Users\Adrianne Lois\.gradle\caches\7.5-rc-3\md-supplier)" [_thread_blocked, id=22324, stack(0x0000006373b00000,0x0000006373c00000)]
  0x000001d0cc65b000 JavaThread "Cache worker for dependencies-accessors (C:\Program Files\AndroidStudioProjects\CS3C_Grp10_ANAVE\Quickash\.gradle\7.5-rc-3\dependencies-accessors)" [_thread_blocked, id=21648, stack(0x0000006373d00000,0x0000006373e00000)]
  0x000001d0cc65d800 JavaThread "Cache worker for Build Output Cleanup Cache (C:\Program Files\AndroidStudioProjects\CS3C_Grp10_ANAVE\Quickash\.gradle\buildOutputCleanup)" [_thread_blocked, id=6252, stack(0x0000006373e00000,0x0000006373f00000)]
  0x000001d0cc65c000 JavaThread "Unconstrained build operations" [_thread_blocked, id=2464, stack(0x0000006373f00000,0x0000006374000000)]
  0x000001d0cc65e800 JavaThread "Unconstrained build operations Thread 2" [_thread_blocked, id=9864, stack(0x0000006374100000,0x0000006374200000)]
  0x000001d0cab15800 JavaThread "Unconstrained build operations Thread 3" [_thread_blocked, id=11144, stack(0x0000006374200000,0x0000006374300000)]
  0x000001d0cab1f000 JavaThread "Unconstrained build operations Thread 4" [_thread_blocked, id=19680, stack(0x0000006374300000,0x0000006374400000)]
  0x000001d0cab1c000 JavaThread "Unconstrained build operations Thread 5" [_thread_blocked, id=20312, stack(0x0000006374400000,0x0000006374500000)]
  0x000001d0cab1d800 JavaThread "Unconstrained build operations Thread 6" [_thread_blocked, id=10944, stack(0x0000006374500000,0x0000006374600000)]
  0x000001d0cab19800 JavaThread "Unconstrained build operations Thread 7" [_thread_blocked, id=23256, stack(0x0000006374600000,0x0000006374700000)]
  0x000001d0cab23000 JavaThread "Unconstrained build operations Thread 8" [_thread_blocked, id=14988, stack(0x0000006374700000,0x0000006374800000)]
  0x000001d0cab24000 JavaThread "Unconstrained build operations Thread 9" [_thread_blocked, id=22456, stack(0x0000006374800000,0x0000006374900000)]
  0x000001d0c7034800 JavaThread "Unconstrained build operations Thread 10" [_thread_blocked, id=3492, stack(0x0000006374900000,0x0000006374a00000)]
  0x000001d0c7035000 JavaThread "Unconstrained build operations Thread 11" [_thread_blocked, id=12712, stack(0x0000006374a00000,0x0000006374b00000)]
  0x000001d0c7033800 JavaThread "Unconstrained build operations Thread 12" [_thread_blocked, id=21976, stack(0x0000006374b00000,0x0000006374c00000)]
  0x000001d0c7037800 JavaThread "Unconstrained build operations Thread 13" [_thread_blocked, id=23512, stack(0x0000006374c00000,0x0000006374d00000)]
  0x000001d0c703a000 JavaThread "Unconstrained build operations Thread 14" [_thread_blocked, id=7272, stack(0x0000006374d00000,0x0000006374e00000)]
  0x000001d0c7f5e000 JavaThread "Unconstrained build operations Thread 15" [_thread_blocked, id=18004, stack(0x0000006374e00000,0x0000006374f00000)]
  0x000001d0c7f5b800 JavaThread "Unconstrained build operations Thread 16" [_thread_blocked, id=17780, stack(0x0000006374f00000,0x0000006375000000)]
  0x000001d0d15df000 JavaThread "Unconstrained build operations Thread 17" [_thread_blocked, id=20040, stack(0x0000006375000000,0x0000006375100000)]
  0x000001d0d15dc800 JavaThread "Unconstrained build operations Thread 18" [_thread_blocked, id=22068, stack(0x0000006375100000,0x0000006375200000)]
  0x000001d0d15da000 JavaThread "Unconstrained build operations Thread 19" [_thread_blocked, id=15908, stack(0x0000006375200000,0x0000006375300000)]
  0x000001d0d15dd000 JavaThread "Unconstrained build operations Thread 20" [_thread_blocked, id=9112, stack(0x0000006375300000,0x0000006375400000)]
  0x000001d0d15de000 JavaThread "Unconstrained build operations Thread 21" [_thread_blocked, id=13112, stack(0x0000006375400000,0x0000006375500000)]
  0x000001d0d15d9000 JavaThread "Unconstrained build operations Thread 22" [_thread_blocked, id=14012, stack(0x0000006375500000,0x0000006375600000)]
  0x000001d0d15df800 JavaThread "Unconstrained build operations Thread 23" [_thread_blocked, id=16320, stack(0x0000006375600000,0x0000006375700000)]
  0x000001d0d15e0800 JavaThread "Unconstrained build operations Thread 24" [_thread_blocked, id=17860, stack(0x0000006375700000,0x0000006375800000)]
  0x000001d0d15da800 JavaThread "Unconstrained build operations Thread 25" [_thread_blocked, id=4140, stack(0x0000006375800000,0x0000006375900000)]
  0x000001d0d15db800 JavaThread "Unconstrained build operations Thread 26" [_thread_blocked, id=15280, stack(0x0000006375900000,0x0000006375a00000)]
  0x000001d0d15e4800 JavaThread "Unconstrained build operations Thread 27" [_thread_blocked, id=11044, stack(0x0000006375a00000,0x0000006375b00000)]
  0x000001d0d15e1000 JavaThread "Unconstrained build operations Thread 28" [_thread_blocked, id=6768, stack(0x0000006375b00000,0x0000006375c00000)]
  0x000001d0d15e5800 JavaThread "Unconstrained build operations Thread 29" [_thread_blocked, id=13272, stack(0x0000006375c00000,0x0000006375d00000)]
  0x000001d0d15e2000 JavaThread "Unconstrained build operations Thread 30" [_thread_blocked, id=1476, stack(0x0000006375d00000,0x0000006375e00000)]
  0x000001d0d15e3000 JavaThread "Unconstrained build operations Thread 31" [_thread_blocked, id=11352, stack(0x0000006375e00000,0x0000006375f00000)]
  0x000001d0d15e6000 JavaThread "Unconstrained build operations Thread 32" [_thread_blocked, id=7640, stack(0x0000006375f00000,0x0000006376000000)]
  0x000001d0d15e7000 JavaThread "Unconstrained build operations Thread 33" [_thread_blocked, id=23004, stack(0x0000006376000000,0x0000006376100000)]
  0x000001d0d15e7800 JavaThread "Unconstrained build operations Thread 34" [_thread_blocked, id=13788, stack(0x0000006376100000,0x0000006376200000)]
  0x000001d0d15e3800 JavaThread "Unconstrained build operations Thread 35" [_thread_blocked, id=15560, stack(0x0000006376200000,0x0000006376300000)]
  0x000001d0ccc0f000 JavaThread "Unconstrained build operations Thread 36" [_thread_blocked, id=13128, stack(0x0000006376300000,0x0000006376400000)]
  0x000001d0ccc0a000 JavaThread "Unconstrained build operations Thread 37" [_thread_blocked, id=5512, stack(0x0000006376400000,0x0000006376500000)]
  0x000001d0ccc0b000 JavaThread "Unconstrained build operations Thread 38" [_thread_blocked, id=19308, stack(0x0000006376500000,0x0000006376600000)]
  0x000001d0ccc0d800 JavaThread "Unconstrained build operations Thread 39" [_thread_blocked, id=16472, stack(0x0000006376600000,0x0000006376700000)]
  0x000001d0ccc09800 JavaThread "Unconstrained build operations Thread 40" [_thread_blocked, id=1748, stack(0x0000006376700000,0x0000006376800000)]
  0x000001d0ccc10000 JavaThread "Unconstrained build operations Thread 41" [_thread_blocked, id=14928, stack(0x0000006376800000,0x0000006376900000)]
  0x000001d0ccc0c800 JavaThread "Unconstrained build operations Thread 42" [_thread_blocked, id=23252, stack(0x0000006376900000,0x0000006376a00000)]
  0x000001d0ccc0b800 JavaThread "Unconstrained build operations Thread 43" [_thread_blocked, id=17652, stack(0x0000006376a00000,0x0000006376b00000)]
  0x000001d0ccc0e000 JavaThread "Unconstrained build operations Thread 44" [_thread_blocked, id=23008, stack(0x0000006376b00000,0x0000006376c00000)]
  0x000001d0ce2f6000 JavaThread "Unconstrained build operations Thread 45" [_thread_blocked, id=16844, stack(0x0000006376c00000,0x0000006376d00000)]
  0x000001d0ce2f3800 JavaThread "Unconstrained build operations Thread 46" [_thread_blocked, id=19868, stack(0x0000006376d00000,0x0000006376e00000)]
  0x000001d0ce2f2000 JavaThread "Unconstrained build operations Thread 47" [_thread_blocked, id=5892, stack(0x0000006376e00000,0x0000006376f00000)]
  0x000001d0ce2f7000 JavaThread "Unconstrained build operations Thread 48" [_thread_blocked, id=14256, stack(0x0000006376f00000,0x0000006377000000)]
  0x000001d0ce2f5800 JavaThread "Unconstrained build operations Thread 49" [_thread_blocked, id=19988, stack(0x0000006377000000,0x0000006377100000)]
  0x000001d0ce2f1000 JavaThread "Unconstrained build operations Thread 50" [_thread_blocked, id=13648, stack(0x0000006377100000,0x0000006377200000)]
  0x000001d0ce2f4800 JavaThread "Unconstrained build operations Thread 51" [_thread_blocked, id=13044, stack(0x0000006377200000,0x0000006377300000)]
  0x000001d0ce2f3000 JavaThread "Unconstrained build operations Thread 52" [_thread_blocked, id=16356, stack(0x0000006377300000,0x0000006377400000)]
  0x000001d0ce2f8000 JavaThread "Unconstrained build operations Thread 53" [_thread_blocked, id=9040, stack(0x0000006377400000,0x0000006377500000)]
  0x000001d0cc080000 JavaThread "Unconstrained build operations Thread 54" [_thread_blocked, id=23148, stack(0x0000006377500000,0x0000006377600000)]
  0x000001d0cc083800 JavaThread "Unconstrained build operations Thread 55" [_thread_blocked, id=6952, stack(0x0000006377600000,0x0000006377700000)]
  0x000001d0cc081000 JavaThread "Unconstrained build operations Thread 56" [_thread_blocked, id=13748, stack(0x0000006377700000,0x0000006377800000)]
  0x000001d0cc082800 JavaThread "Unconstrained build operations Thread 57" [_thread_blocked, id=16128, stack(0x0000006377800000,0x0000006377900000)]
  0x000001d0cc084000 JavaThread "Unconstrained build operations Thread 58" [_thread_blocked, id=7768, stack(0x0000006377900000,0x0000006377a00000)]
  0x000001d0cc07e800 JavaThread "Unconstrained build operations Thread 59" [_thread_blocked, id=20540, stack(0x0000006377a00000,0x0000006377b00000)]
  0x000001d0cc081800 JavaThread "Unconstrained build operations Thread 60" [_thread_blocked, id=15520, stack(0x0000006377b00000,0x0000006377c00000)]
  0x000001d0cc085000 JavaThread "Unconstrained build operations Thread 61" [_thread_blocked, id=6440, stack(0x0000006377c00000,0x0000006377d00000)]
  0x000001d0cc07f000 JavaThread "Unconstrained build operations Thread 62" [_thread_blocked, id=23356, stack(0x0000006377d00000,0x0000006377e00000)]
  0x000001d0cc08b800 JavaThread "Unconstrained build operations Thread 63" [_thread_blocked, id=22000, stack(0x0000006377e00000,0x0000006377f00000)]
  0x000001d0cc086000 JavaThread "Unconstrained build operations Thread 64" [_thread_blocked, id=19528, stack(0x0000006377f00000,0x0000006378000000)]
  0x000001d0cc08c800 JavaThread "Unconstrained build operations Thread 65" [_thread_blocked, id=14448, stack(0x0000006378000000,0x0000006378100000)]
  0x000001d0cc088000 JavaThread "Unconstrained build operations Thread 66" [_thread_blocked, id=22108, stack(0x0000006378100000,0x0000006378200000)]
  0x000001d0cc089000 JavaThread "Unconstrained build operations Thread 67" [_thread_blocked, id=17564, stack(0x0000006378200000,0x0000006378300000)]
  0x000001d0cc086800 JavaThread "Unconstrained build operations Thread 68" [_thread_blocked, id=20440, stack(0x0000006378300000,0x0000006378400000)]
  0x000001d0cc08d000 JavaThread "Unconstrained build operations Thread 69" [_thread_blocked, id=3496, stack(0x0000006378400000,0x0000006378500000)]
  0x000001d0cc08a000 JavaThread "Unconstrained build operations Thread 70" [_thread_blocked, id=4584, stack(0x0000006378500000,0x0000006378600000)]
  0x000001d0cc087800 JavaThread "Unconstrained build operations Thread 71" [_thread_blocked, id=7276, stack(0x0000006378600000,0x0000006378700000)]
  0x000001d0cc08a800 JavaThread "Unconstrained build operations Thread 72" [_thread_blocked, id=9368, stack(0x0000006378700000,0x0000006378800000)]
  0x000001d0c9cb8800 JavaThread "Unconstrained build operations Thread 73" [_thread_blocked, id=23072, stack(0x0000006378800000,0x0000006378900000)]
  0x000001d0c9cb6000 JavaThread "Unconstrained build operations Thread 74" [_thread_blocked, id=21836, stack(0x0000006378900000,0x0000006378a00000)]
  0x000001d0c9cbb000 JavaThread "Unconstrained build operations Thread 75" [_thread_blocked, id=21848, stack(0x0000006378a00000,0x0000006378b00000)]
  0x000001d0c9cb7800 JavaThread "Unconstrained build operations Thread 76" [_thread_blocked, id=5492, stack(0x0000006378b00000,0x0000006378c00000)]
  0x000001d0c9cba000 JavaThread "Unconstrained build operations Thread 77" [_thread_blocked, id=20472, stack(0x0000006378c00000,0x0000006378d00000)]
  0x000001d0c9cb5000 JavaThread "Unconstrained build operations Thread 78" [_thread_blocked, id=13124, stack(0x0000006378d00000,0x0000006378e00000)]
  0x000001d0c9cb9000 JavaThread "Unconstrained build operations Thread 79" [_thread_blocked, id=13196, stack(0x0000006378e00000,0x0000006378f00000)]
  0x000001d0c9cbb800 JavaThread "Unconstrained build operations Thread 80" [_thread_blocked, id=17660, stack(0x0000006378f00000,0x0000006379000000)]
  0x000001d0c9cbc800 JavaThread "build event listener" [_thread_blocked, id=23160, stack(0x0000006379000000,0x0000006379100000)]
  0x000001d0c9cb6800 JavaThread "pool-6-thread-1" [_thread_blocked, id=18884, stack(0x0000006379300000,0x0000006379400000)]
  0x000001d0c9cbe000 JavaThread "build event listener" [_thread_blocked, id=16760, stack(0x0000006379400000,0x0000006379500000)]
  0x000001d0c9cbd800 JavaThread "included builds" [_thread_blocked, id=7368, stack(0x0000006379500000,0x0000006379600000)]
  0x000001d0c9cbf000 JavaThread "Execution worker" [_thread_blocked, id=3648, stack(0x0000006379600000,0x0000006379700000)]
  0x000001d0c9cc3000 JavaThread "Execution worker Thread 2" [_thread_blocked, id=19668, stack(0x0000006379700000,0x0000006379800000)]
  0x000001d0c9cc4000 JavaThread "Execution worker Thread 3" [_thread_blocked, id=17496, stack(0x0000006379800000,0x0000006379900000)]
  0x000001d0c9cc0800 JavaThread "Execution worker Thread 4" [_thread_blocked, id=12836, stack(0x0000006379900000,0x0000006379a00000)]
  0x000001d0c9cc2000 JavaThread "Execution worker Thread 5" [_thread_blocked, id=14960, stack(0x0000006379a00000,0x0000006379b00000)]
  0x000001d0c9cbf800 JavaThread "Execution worker Thread 6" [_thread_blocked, id=2592, stack(0x0000006379b00000,0x0000006379c00000)]
  0x000001d0c9cc1800 JavaThread "Execution worker Thread 7" [_thread_blocked, id=7116, stack(0x0000006379c00000,0x0000006379d00000)]
  0x000001d0cca66800 JavaThread "Cache worker for execution history cache (C:\Program Files\AndroidStudioProjects\CS3C_Grp10_ANAVE\Quickash\.gradle\7.5-rc-3\executionHistory)" [_thread_blocked, id=22580, stack(0x0000006379d00000,0x0000006379e00000)]
  0x000001d0cca67800 JavaThread "WorkerExecutor Queue" [_thread_blocked, id=11232, stack(0x0000006379e00000,0x0000006379f00000)]
  0x000001d0d1ee9000 JavaThread "C2 CompilerThread2" daemon [_thread_blocked, id=22872, stack(0x0000006372900000,0x0000006372a00000)]
  0x000001d0cca68800 JavaThread "WorkerExecutor Queue Thread 2" [_thread_blocked, id=12324, stack(0x0000006379f00000,0x000000637a000000)]
  0x000001d0cca65000 JavaThread "WorkerExecutor Queue Thread 3" [_thread_blocked, id=8112, stack(0x000000637a000000,0x000000637a100000)]
  0x000001d0cca66000 JavaThread "WorkerExecutor Queue Thread 4" [_thread_blocked, id=15300, stack(0x000000637a100000,0x000000637a200000)]
  0x000001d0cca69000 JavaThread "WorkerExecutor Queue Thread 5" [_thread_blocked, id=1116, stack(0x000000637a200000,0x000000637a300000)]
  0x000001d0cca6a000 JavaThread "WorkerExecutor Queue Thread 6" [_thread_blocked, id=14480, stack(0x000000637a300000,0x000000637a400000)]
  0x000001d0cca64800 JavaThread "WorkerExecutor Queue Thread 7" [_thread_blocked, id=9044, stack(0x000000637a400000,0x000000637a500000)]
  0x000001d0cca6b000 JavaThread "WorkerExecutor Queue Thread 8" [_thread_blocked, id=20600, stack(0x000000637a500000,0x000000637a600000)]

Other Threads:
=>0x000001d0c6e69000 VMThread "VM Thread" [stack: 0x0000006370c00000,0x0000006370d00000] [id=9916]
  0x000001d0c706f800 WatcherThread [stack: 0x0000006371600000,0x0000006371700000] [id=14116]
  0x000001d0aa213800 GCTaskThread "GC Thread#0" [stack: 0x0000006370700000,0x0000006370800000] [id=8068]
  0x000001d0c79ca800 GCTaskThread "GC Thread#1" [stack: 0x0000006371900000,0x0000006371a00000] [id=12996]
  0x000001d0c7b50800 GCTaskThread "GC Thread#2" [stack: 0x0000006371a00000,0x0000006371b00000] [id=13944]
  0x000001d0c9871000 GCTaskThread "GC Thread#3" [stack: 0x0000006372000000,0x0000006372100000] [id=2300]
  0x000001d0c9871800 GCTaskThread "GC Thread#4" [stack: 0x0000006372100000,0x0000006372200000] [id=21508]
  0x000001d0c8151000 GCTaskThread "GC Thread#5" [stack: 0x0000006372200000,0x0000006372300000] [id=17404]
  0x000001d0c8d7c800 GCTaskThread "GC Thread#6" [stack: 0x0000006372300000,0x0000006372400000] [id=4384]
  0x000001d0c8d7d000 GCTaskThread "GC Thread#7" [stack: 0x0000006372400000,0x0000006372500000] [id=16172]
  0x000001d0aa248000 ConcurrentGCThread "G1 Main Marker" [stack: 0x0000006370800000,0x0000006370900000] [id=2988]
  0x000001d0aa24a800 ConcurrentGCThread "G1 Conc#0" [stack: 0x0000006370900000,0x0000006370a00000] [id=15420]
  0x000001d0c849c000 ConcurrentGCThread "G1 Conc#1" [stack: 0x0000006372c00000,0x0000006372d00000] [id=22968]
  0x000001d0aa2dd000 ConcurrentGCThread "G1 Refine#0" [stack: 0x0000006370a00000,0x0000006370b00000] [id=10576]
  0x000001d0c649b800 ConcurrentGCThread "G1 Young RemSet Sampling" [stack: 0x0000006370b00000,0x0000006370c00000] [id=17036]

Threads with active compile tasks:

VM state:at safepoint (normal execution)

VM Mutex/Monitor currently owned by a thread:  ([mutex/lock_event])
[0x000001d0aa1f04a0] Threads_lock - owner thread: 0x000001d0c6e69000
[0x000001d0aa1f98a0] Heap_lock - owner thread: 0x000001d0c9cc0800

Heap address: 0x0000000080000000, size: 2048 MB, Compressed Oops mode: 32-bit
Narrow klass base: 0x0000000000000000, Narrow klass shift: 3
Compressed class space size: 1073741824 Address: 0x0000000100000000

Heap:
 garbage-first heap   total 347136K, used 151885K [0x0000000080000000, 0x0000000100000000)
  region size 1024K, 2 young (2048K), 2 survivors (2048K)
 Metaspace       used 129151K, capacity 132540K, committed 132728K, reserved 1165312K
  class space    used 15941K, capacity 17150K, committed 17152K, reserved 1048576K
Heap Regions: E=young(eden), S=young(survivor), O=old, HS=humongous(starts), HC=humongous(continues), CS=collection set, F=free, A=archive, TAMS=top-at-mark-start (previous, next)
|   0|0x0000000080000000, 0x0000000080100000, 0x0000000080100000|100%| O|  |TAMS 0x0000000080100000, 0x0000000080000000| Untracked 
|   1|0x0000000080100000, 0x0000000080200000, 0x0000000080200000|100%| O|  |TAMS 0x0000000080200000, 0x0000000080100000| Untracked 
|   2|0x0000000080200000, 0x0000000080300000, 0x0000000080300000|100%| O|  |TAMS 0x0000000080300000, 0x0000000080200000| Untracked 
|   3|0x0000000080300000, 0x0000000080400000, 0x0000000080400000|100%|HS|  |TAMS 0x0000000080400000, 0x0000000080300000| Complete 
|   4|0x0000000080400000, 0x0000000080500000, 0x0000000080500000|100%|HC|  |TAMS 0x0000000080500000, 0x0000000080400000| Complete 
|   5|0x0000000080500000, 0x0000000080600000, 0x0000000080600000|100%|HC|  |TAMS 0x0000000080600000, 0x0000000080500000| Complete 
|   6|0x0000000080600000, 0x0000000080700000, 0x0000000080700000|100%| O|  |TAMS 0x0000000080700000, 0x0000000080600000| Untracked 
|   7|0x0000000080700000, 0x0000000080800000, 0x0000000080800000|100%| O|  |TAMS 0x0000000080800000, 0x0000000080700000| Untracked 
|   8|0x0000000080800000, 0x0000000080900000, 0x0000000080900000|100%| O|  |TAMS 0x0000000080900000, 0x0000000080800000| Untracked 
|   9|0x0000000080900000, 0x0000000080a00000, 0x0000000080a00000|100%| O|  |TAMS 0x0000000080a00000, 0x0000000080900000| Untracked 
|  10|0x0000000080a00000, 0x0000000080b00000, 0x0000000080b00000|100%| O|  |TAMS 0x0000000080b00000, 0x0000000080a00000| Untracked 
|  11|0x0000000080b00000, 0x0000000080c00000, 0x0000000080c00000|100%| O|  |TAMS 0x0000000080c00000, 0x0000000080b00000| Untracked 
|  12|0x0000000080c00000, 0x0000000080d00000, 0x0000000080d00000|100%| O|  |TAMS 0x0000000080d00000, 0x0000000080c00000| Untracked 
|  13|0x0000000080d00000, 0x0000000080e00000, 0x0000000080e00000|100%| O|  |TAMS 0x0000000080e00000, 0x0000000080d00000| Untracked 
|  14|0x0000000080e00000, 0x0000000080f00000, 0x0000000080f00000|100%| O|  |TAMS 0x0000000080f00000, 0x0000000080e00000| Untracked 
|  15|0x0000000080f00000, 0x0000000081000000, 0x0000000081000000|100%|HS|  |TAMS 0x0000000081000000, 0x0000000080f00000| Complete 
|  16|0x0000000081000000, 0x0000000081100000, 0x0000000081100000|100%|HC|  |TAMS 0x0000000081100000, 0x0000000081000000| Complete 
|  17|0x0000000081100000, 0x0000000081200000, 0x0000000081200000|100%|HS|  |TAMS 0x0000000081200000, 0x0000000081100000| Complete 
|  18|0x0000000081200000, 0x0000000081300000, 0x0000000081300000|100%|HC|  |TAMS 0x0000000081300000, 0x0000000081200000| Complete 
|  19|0x0000000081300000, 0x0000000081400000, 0x0000000081400000|100%|HC|  |TAMS 0x0000000081400000, 0x0000000081300000| Complete 
|  20|0x0000000081400000, 0x0000000081500000, 0x0000000081500000|100%|HS|  |TAMS 0x0000000081500000, 0x0000000081400000| Complete 
|  21|0x0000000081500000, 0x0000000081600000, 0x0000000081600000|100%|HS|  |TAMS 0x0000000081600000, 0x0000000081500000| Complete 
|  22|0x0000000081600000, 0x0000000081700000, 0x0000000081700000|100%|HC|  |TAMS 0x0000000081700000, 0x0000000081600000| Complete 
|  23|0x0000000081700000, 0x0000000081800000, 0x0000000081800000|100%|HC|  |TAMS 0x0000000081800000, 0x0000000081700000| Complete 
|  24|0x0000000081800000, 0x0000000081900000, 0x0000000081900000|100%|HC|  |TAMS 0x0000000081900000, 0x0000000081800000| Complete 
|  25|0x0000000081900000, 0x0000000081a00000, 0x0000000081a00000|100%| O|  |TAMS 0x0000000081a00000, 0x0000000081900000| Untracked 
|  26|0x0000000081a00000, 0x0000000081b00000, 0x0000000081b00000|100%| O|  |TAMS 0x0000000081b00000, 0x0000000081a00000| Untracked 
|  27|0x0000000081b00000, 0x0000000081c00000, 0x0000000081c00000|100%| O|  |TAMS 0x0000000081c00000, 0x0000000081b00000| Untracked 
|  28|0x0000000081c00000, 0x0000000081d00000, 0x0000000081d00000|100%| O|  |TAMS 0x0000000081d00000, 0x0000000081c00000| Untracked 
|  29|0x0000000081d00000, 0x0000000081e00000, 0x0000000081e00000|100%|HS|  |TAMS 0x0000000081e00000, 0x0000000081d00000| Complete 
|  30|0x0000000081e00000, 0x0000000081f00000, 0x0000000081f00000|100%| O|  |TAMS 0x0000000081f00000, 0x0000000081e00000| Untracked 
|  31|0x0000000081f00000, 0x0000000082000000, 0x0000000082000000|100%| O|  |TAMS 0x0000000082000000, 0x0000000081f00000| Untracked 
|  32|0x0000000082000000, 0x0000000082100000, 0x0000000082100000|100%| O|  |TAMS 0x0000000082100000, 0x0000000082000000| Untracked 
|  33|0x0000000082100000, 0x0000000082200000, 0x0000000082200000|100%| O|  |TAMS 0x0000000082200000, 0x0000000082100000| Untracked 
|  34|0x0000000082200000, 0x0000000082300000, 0x0000000082300000|100%| O|  |TAMS 0x0000000082300000, 0x0000000082200000| Untracked 
|  35|0x0000000082300000, 0x0000000082400000, 0x0000000082400000|100%| O|  |TAMS 0x0000000082400000, 0x0000000082300000| Untracked 
|  36|0x0000000082400000, 0x0000000082500000, 0x0000000082500000|100%| O|  |TAMS 0x0000000082500000, 0x0000000082400000| Untracked 
|  37|0x0000000082500000, 0x0000000082600000, 0x0000000082600000|100%| O|  |TAMS 0x0000000082600000, 0x0000000082500000| Untracked 
|  38|0x0000000082600000, 0x0000000082700000, 0x0000000082700000|100%|HS|  |TAMS 0x0000000082700000, 0x0000000082600000| Complete 
|  39|0x0000000082700000, 0x0000000082800000, 0x0000000082800000|100%|HC|  |TAMS 0x0000000082800000, 0x0000000082700000| Complete 
|  40|0x0000000082800000, 0x0000000082900000, 0x0000000082900000|100%|HC|  |TAMS 0x0000000082900000, 0x0000000082800000| Complete 
|  41|0x0000000082900000, 0x0000000082a00000, 0x0000000082a00000|100%| O|  |TAMS 0x0000000082a00000, 0x0000000082900000| Untracked 
|  42|0x0000000082a00000, 0x0000000082b00000, 0x0000000082b00000|100%| O|  |TAMS 0x0000000082b00000, 0x0000000082a00000| Untracked 
|  43|0x0000000082b00000, 0x0000000082c00000, 0x0000000082c00000|100%| O|  |TAMS 0x0000000082c00000, 0x0000000082b00000| Untracked 
|  44|0x0000000082c00000, 0x0000000082d00000, 0x0000000082d00000|100%| O|  |TAMS 0x0000000082d00000, 0x0000000082c00000| Untracked 
|  45|0x0000000082d00000, 0x0000000082e00000, 0x0000000082e00000|100%| O|  |TAMS 0x0000000082e00000, 0x0000000082d00000| Untracked 
|  46|0x0000000082e00000, 0x0000000082f00000, 0x0000000082f00000|100%|HS|  |TAMS 0x0000000082f00000, 0x0000000082e00000| Complete 
|  47|0x0000000082f00000, 0x0000000083000000, 0x0000000083000000|100%|HC|  |TAMS 0x0000000083000000, 0x0000000082f00000| Complete 
|  48|0x0000000083000000, 0x0000000083100000, 0x0000000083100000|100%|HC|  |TAMS 0x0000000083100000, 0x0000000083000000| Complete 
|  49|0x0000000083100000, 0x0000000083200000, 0x0000000083200000|100%|HC|  |TAMS 0x0000000083200000, 0x0000000083100000| Complete 
|  50|0x0000000083200000, 0x0000000083300000, 0x0000000083300000|100%| O|  |TAMS 0x0000000083300000, 0x0000000083200000| Untracked 
|  51|0x0000000083300000, 0x0000000083400000, 0x0000000083400000|100%| O|  |TAMS 0x0000000083400000, 0x0000000083300000| Untracked 
|  52|0x0000000083400000, 0x0000000083500000, 0x0000000083500000|100%| O|  |TAMS 0x0000000083500000, 0x0000000083400000| Untracked 
|  53|0x0000000083500000, 0x0000000083600000, 0x0000000083600000|100%| O|  |TAMS 0x0000000083600000, 0x0000000083500000| Untracked 
|  54|0x0000000083600000, 0x0000000083700000, 0x0000000083700000|100%|HS|  |TAMS 0x0000000083700000, 0x0000000083600000| Complete 
|  55|0x0000000083700000, 0x0000000083800000, 0x0000000083800000|100%|HS|  |TAMS 0x0000000083800000, 0x0000000083700000| Complete 
|  56|0x0000000083800000, 0x0000000083900000, 0x0000000083900000|100%|HS|  |TAMS 0x0000000083900000, 0x0000000083800000| Complete 
|  57|0x0000000083900000, 0x0000000083a00000, 0x0000000083a00000|100%|HC|  |TAMS 0x0000000083a00000, 0x0000000083900000| Complete 
|  58|0x0000000083a00000, 0x0000000083b00000, 0x0000000083b00000|100%| O|  |TAMS 0x0000000083b00000, 0x0000000083a00000| Untracked 
|  59|0x0000000083b00000, 0x0000000083c00000, 0x0000000083c00000|100%| O|  |TAMS 0x0000000083c00000, 0x0000000083b00000| Untracked 
|  60|0x0000000083c00000, 0x0000000083d00000, 0x0000000083d00000|100%| O|  |TAMS 0x0000000083d00000, 0x0000000083c00000| Untracked 
|  61|0x0000000083d00000, 0x0000000083e00000, 0x0000000083e00000|100%| O|  |TAMS 0x0000000083e00000, 0x0000000083d00000| Untracked 
|  62|0x0000000083e00000, 0x0000000083f00000, 0x0000000083f00000|100%| O|  |TAMS 0x0000000083f00000, 0x0000000083e00000| Untracked 
|  63|0x0000000083f00000, 0x0000000084000000, 0x0000000084000000|100%| O|  |TAMS 0x0000000084000000, 0x0000000083f00000| Untracked 
|  64|0x0000000084000000, 0x0000000084100000, 0x0000000084100000|100%| O|  |TAMS 0x0000000084100000, 0x0000000084000000| Untracked 
|  65|0x0000000084100000, 0x0000000084200000, 0x0000000084200000|100%| O|  |TAMS 0x0000000084200000, 0x0000000084100000| Untracked 
|  66|0x0000000084200000, 0x0000000084300000, 0x0000000084300000|100%| O|  |TAMS 0x0000000084300000, 0x0000000084200000| Untracked 
|  67|0x0000000084300000, 0x0000000084400000, 0x0000000084400000|100%| O|  |TAMS 0x0000000084400000, 0x0000000084300000| Untracked 
|  68|0x0000000084400000, 0x0000000084500000, 0x0000000084500000|100%| O|  |TAMS 0x0000000084500000, 0x0000000084400000| Untracked 
|  69|0x0000000084500000, 0x0000000084600000, 0x0000000084600000|100%| O|  |TAMS 0x0000000084600000, 0x0000000084500000| Untracked 
|  70|0x0000000084600000, 0x0000000084700000, 0x0000000084700000|100%| O|  |TAMS 0x0000000084700000, 0x0000000084600000| Untracked 
|  71|0x0000000084700000, 0x0000000084800000, 0x0000000084800000|100%| O|  |TAMS 0x0000000084800000, 0x0000000084700000| Untracked 
|  72|0x0000000084800000, 0x0000000084900000, 0x0000000084900000|100%| O|  |TAMS 0x0000000084900000, 0x0000000084800000| Untracked 
|  73|0x0000000084900000, 0x0000000084a00000, 0x0000000084a00000|100%| O|  |TAMS 0x0000000084a00000, 0x0000000084900000| Untracked 
|  74|0x0000000084a00000, 0x0000000084b00000, 0x0000000084b00000|100%| O|  |TAMS 0x0000000084b00000, 0x0000000084a00000| Untracked 
|  75|0x0000000084b00000, 0x0000000084c00000, 0x0000000084c00000|100%| O|  |TAMS 0x0000000084c00000, 0x0000000084b00000| Untracked 
|  76|0x0000000084c00000, 0x0000000084d00000, 0x0000000084d00000|100%| O|  |TAMS 0x0000000084d00000, 0x0000000084c00000| Untracked 
|  77|0x0000000084d00000, 0x0000000084e00000, 0x0000000084e00000|100%| O|  |TAMS 0x0000000084e00000, 0x0000000084d00000| Untracked 
|  78|0x0000000084e00000, 0x0000000084f00000, 0x0000000084f00000|100%| O|  |TAMS 0x0000000084f00000, 0x0000000084e00000| Untracked 
|  79|0x0000000084f00000, 0x0000000085000000, 0x0000000085000000|100%| O|  |TAMS 0x0000000085000000, 0x0000000084f00000| Untracked 
|  80|0x0000000085000000, 0x0000000085100000, 0x0000000085100000|100%| O|  |TAMS 0x0000000085100000, 0x0000000085000000| Untracked 
|  81|0x0000000085100000, 0x0000000085200000, 0x0000000085200000|100%| O|  |TAMS 0x0000000085200000, 0x0000000085100000| Untracked 
|  82|0x0000000085200000, 0x0000000085300000, 0x0000000085300000|100%| O|  |TAMS 0x0000000085300000, 0x0000000085200000| Untracked 
|  83|0x0000000085300000, 0x0000000085400000, 0x0000000085400000|100%| O|  |TAMS 0x0000000085400000, 0x0000000085300000| Untracked 
|  84|0x0000000085400000, 0x0000000085500000, 0x0000000085500000|100%| O|  |TAMS 0x0000000085500000, 0x0000000085400000| Untracked 
|  85|0x0000000085500000, 0x0000000085600000, 0x0000000085600000|100%|HS|  |TAMS 0x0000000085600000, 0x0000000085500000| Complete 
|  86|0x0000000085600000, 0x0000000085700000, 0x0000000085700000|100%|HC|  |TAMS 0x0000000085700000, 0x0000000085600000| Complete 
|  87|0x0000000085700000, 0x0000000085800000, 0x0000000085800000|100%|HS|  |TAMS 0x0000000085800000, 0x0000000085700000| Complete 
|  88|0x0000000085800000, 0x0000000085900000, 0x0000000085900000|100%|HC|  |TAMS 0x0000000085900000, 0x0000000085800000| Complete 
|  89|0x0000000085900000, 0x0000000085a00000, 0x0000000085a00000|100%|HC|  |TAMS 0x0000000085a00000, 0x0000000085900000| Complete 
|  90|0x0000000085a00000, 0x0000000085b00000, 0x0000000085b00000|100%|HS|  |TAMS 0x0000000085b00000, 0x0000000085a00000| Complete 
|  91|0x0000000085b00000, 0x0000000085c00000, 0x0000000085c00000|100%|HS|  |TAMS 0x0000000085c00000, 0x0000000085b00000| Complete 
|  92|0x0000000085c00000, 0x0000000085d00000, 0x0000000085d00000|100%|HC|  |TAMS 0x0000000085d00000, 0x0000000085c00000| Complete 
|  93|0x0000000085d00000, 0x0000000085e00000, 0x0000000085e00000|100%|HC|  |TAMS 0x0000000085e00000, 0x0000000085d00000| Complete 
|  94|0x0000000085e00000, 0x0000000085f00000, 0x0000000085f00000|100%|HC|  |TAMS 0x0000000085f00000, 0x0000000085e00000| Complete 
|  95|0x0000000085f00000, 0x0000000086000000, 0x0000000086000000|100%| O|  |TAMS 0x0000000086000000, 0x0000000085f00000| Untracked 
|  96|0x0000000086000000, 0x0000000086100000, 0x0000000086100000|100%| O|  |TAMS 0x0000000086100000, 0x0000000086000000| Untracked 
|  97|0x0000000086100000, 0x0000000086200000, 0x0000000086200000|100%| O|  |TAMS 0x0000000086200000, 0x0000000086100000| Untracked 
|  98|0x0000000086200000, 0x0000000086300000, 0x0000000086300000|100%| O|  |TAMS 0x0000000086300000, 0x0000000086200000| Untracked 
|  99|0x0000000086300000, 0x0000000086400000, 0x0000000086400000|100%| O|  |TAMS 0x0000000086400000, 0x0000000086300000| Untracked 
| 100|0x0000000086400000, 0x0000000086500000, 0x0000000086500000|100%| O|  |TAMS 0x0000000086500000, 0x0000000086400000| Untracked 
| 101|0x0000000086500000, 0x0000000086600000, 0x0000000086600000|100%| O|  |TAMS 0x0000000086600000, 0x0000000086500000| Untracked 
| 102|0x0000000086600000, 0x0000000086700000, 0x0000000086700000|100%| O|  |TAMS 0x0000000086700000, 0x0000000086600000| Untracked 
| 103|0x0000000086700000, 0x0000000086800000, 0x0000000086800000|100%| O|  |TAMS 0x0000000086800000, 0x0000000086700000| Untracked 
| 104|0x0000000086800000, 0x0000000086900000, 0x0000000086900000|100%| O|  |TAMS 0x0000000086900000, 0x0000000086800000| Untracked 
| 105|0x0000000086900000, 0x0000000086a00000, 0x0000000086a00000|100%| O|  |TAMS 0x0000000086a00000, 0x0000000086900000| Untracked 
| 106|0x0000000086a00000, 0x0000000086b00000, 0x0000000086b00000|100%| O|  |TAMS 0x0000000086b00000, 0x0000000086a00000| Untracked 
| 107|0x0000000086b00000, 0x0000000086c00000, 0x0000000086c00000|100%| O|  |TAMS 0x0000000086c00000, 0x0000000086b00000| Untracked 
| 108|0x0000000086c00000, 0x0000000086d00000, 0x0000000086d00000|100%| O|  |TAMS 0x0000000086d00000, 0x0000000086c00000| Untracked 
| 109|0x0000000086d00000, 0x0000000086e00000, 0x0000000086e00000|100%| O|  |TAMS 0x0000000086e00000, 0x0000000086d00000| Untracked 
| 110|0x0000000086e00000, 0x0000000086f00000, 0x0000000086f00000|100%| O|  |TAMS 0x0000000086f00000, 0x0000000086e00000| Untracked 
| 111|0x0000000086f00000, 0x0000000087000000, 0x0000000087000000|100%| O|  |TAMS 0x0000000087000000, 0x0000000086f00000| Untracked 
| 112|0x0000000087000000, 0x0000000087100000, 0x0000000087100000|100%| O|  |TAMS 0x0000000087100000, 0x0000000087000000| Untracked 
| 113|0x0000000087100000, 0x0000000087200000, 0x0000000087200000|100%| O|  |TAMS 0x0000000087200000, 0x0000000087100000| Untracked 
| 114|0x0000000087200000, 0x0000000087300000, 0x0000000087300000|100%| O|  |TAMS 0x0000000087300000, 0x0000000087200000| Untracked 
| 115|0x0000000087300000, 0x0000000087400000, 0x0000000087400000|100%| O|  |TAMS 0x0000000087400000, 0x0000000087300000| Untracked 
| 116|0x0000000087400000, 0x0000000087500000, 0x0000000087500000|100%| O|  |TAMS 0x0000000087500000, 0x0000000087400000| Untracked 
| 117|0x0000000087500000, 0x0000000087600000, 0x0000000087600000|100%| O|  |TAMS 0x0000000087600000, 0x0000000087500000| Untracked 
| 118|0x0000000087600000, 0x0000000087700000, 0x0000000087700000|100%| O|  |TAMS 0x0000000087700000, 0x0000000087600000| Untracked 
| 119|0x0000000087700000, 0x0000000087800000, 0x0000000087800000|100%| O|  |TAMS 0x0000000087800000, 0x0000000087700000| Untracked 
| 120|0x0000000087800000, 0x0000000087900000, 0x0000000087900000|100%| O|  |TAMS 0x0000000087800000, 0x0000000087800000| Untracked 
| 121|0x0000000087900000, 0x0000000087a00000, 0x0000000087a00000|100%| O|  |TAMS 0x0000000087900000, 0x0000000087900000| Untracked 
| 122|0x0000000087a00000, 0x0000000087b00000, 0x0000000087b00000|100%| O|  |TAMS 0x0000000087a00000, 0x0000000087a00000| Untracked 
| 123|0x0000000087b00000, 0x0000000087c00000, 0x0000000087c00000|100%| O|  |TAMS 0x0000000087c00000, 0x0000000087b00000| Untracked 
| 124|0x0000000087c00000, 0x0000000087d00000, 0x0000000087d00000|100%| O|  |TAMS 0x0000000087d00000, 0x0000000087c00000| Untracked 
| 125|0x0000000087d00000, 0x0000000087e00000, 0x0000000087e00000|100%| O|  |TAMS 0x0000000087e00000, 0x0000000087d00000| Untracked 
| 126|0x0000000087e00000, 0x0000000087f00000, 0x0000000087f00000|100%| O|  |TAMS 0x0000000087f00000, 0x0000000087e00000| Untracked 
| 127|0x0000000087f00000, 0x0000000088000000, 0x0000000088000000|100%| O|  |TAMS 0x0000000088000000, 0x0000000087f00000| Untracked 
| 128|0x0000000088000000, 0x0000000088100000, 0x0000000088100000|100%| O|  |TAMS 0x0000000088100000, 0x0000000088000000| Untracked 
| 129|0x0000000088100000, 0x0000000088200000, 0x0000000088200000|100%| O|  |TAMS 0x0000000088100000, 0x0000000088100000| Untracked 
| 130|0x0000000088200000, 0x0000000088300000, 0x0000000088300000|100%| O|  |TAMS 0x0000000088300000, 0x0000000088200000| Untracked 
| 131|0x0000000088300000, 0x0000000088400000, 0x0000000088400000|100%| O|  |TAMS 0x0000000088400000, 0x0000000088300000| Untracked 
| 132|0x0000000088400000, 0x0000000088500000, 0x0000000088500000|100%| O|  |TAMS 0x0000000088500000, 0x0000000088400000| Untracked 
| 133|0x0000000088500000, 0x0000000088600000, 0x0000000088600000|100%| O|  |TAMS 0x0000000088600000, 0x0000000088500000| Untracked 
| 134|0x0000000088600000, 0x0000000088700000, 0x0000000088700000|100%| O|  |TAMS 0x0000000088700000, 0x0000000088600000| Untracked 
| 135|0x0000000088700000, 0x0000000088800000, 0x0000000088800000|100%| O|  |TAMS 0x0000000088800000, 0x0000000088700000| Untracked 
| 136|0x0000000088800000, 0x0000000088900000, 0x0000000088900000|100%| O|  |TAMS 0x0000000088800000, 0x0000000088800000| Untracked 
| 137|0x0000000088900000, 0x0000000088a00000, 0x0000000088a00000|100%| O|  |TAMS 0x0000000088a00000, 0x0000000088900000| Untracked 
| 138|0x0000000088a00000, 0x0000000088b00000, 0x0000000088b00000|100%| O|  |TAMS 0x0000000088b00000, 0x0000000088a00000| Untracked 
| 139|0x0000000088b00000, 0x0000000088c00000, 0x0000000088c00000|100%| O|  |TAMS 0x0000000088c00000, 0x0000000088b00000| Untracked 
| 140|0x0000000088c00000, 0x0000000088d00000, 0x0000000088d00000|100%| O|  |TAMS 0x0000000088d00000, 0x0000000088c00000| Untracked 
| 141|0x0000000088d00000, 0x0000000088e00000, 0x0000000088e00000|100%| O|  |TAMS 0x0000000088e00000, 0x0000000088d00000| Untracked 
| 142|0x0000000088e00000, 0x0000000088f00000, 0x0000000088f00000|100%| O|  |TAMS 0x0000000088e00000, 0x0000000088e00000| Untracked 
| 143|0x0000000088f00000, 0x0000000089000000, 0x0000000089000000|100%| O|  |TAMS 0x0000000088f00000, 0x0000000088f00000| Untracked 
| 144|0x0000000089000000, 0x0000000089039600, 0x0000000089100000| 22%| O|  |TAMS 0x0000000089000000, 0x0000000089000000| Untracked 
| 145|0x0000000089100000, 0x0000000089100000, 0x0000000089200000|  0%| F|  |TAMS 0x0000000089100000, 0x0000000089100000| Untracked 
| 146|0x0000000089200000, 0x0000000089200000, 0x0000000089300000|  0%| F|  |TAMS 0x0000000089200000, 0x0000000089200000| Untracked 
| 147|0x0000000089300000, 0x0000000089300000, 0x0000000089400000|  0%| F|  |TAMS 0x0000000089300000, 0x0000000089300000| Untracked 
| 148|0x0000000089400000, 0x0000000089400000, 0x0000000089500000|  0%| F|  |TAMS 0x0000000089400000, 0x0000000089400000| Untracked 
| 149|0x0000000089500000, 0x0000000089500000, 0x0000000089600000|  0%| F|  |TAMS 0x0000000089500000, 0x0000000089500000| Untracked 
| 150|0x0000000089600000, 0x0000000089600000, 0x0000000089700000|  0%| F|  |TAMS 0x0000000089600000, 0x0000000089600000| Untracked 
| 151|0x0000000089700000, 0x0000000089700000, 0x0000000089800000|  0%| F|  |TAMS 0x0000000089700000, 0x0000000089700000| Untracked 
| 152|0x0000000089800000, 0x0000000089800000, 0x0000000089900000|  0%| F|  |TAMS 0x0000000089800000, 0x0000000089800000| Untracked 
| 153|0x0000000089900000, 0x0000000089900000, 0x0000000089a00000|  0%| F|  |TAMS 0x0000000089900000, 0x0000000089900000| Untracked 
| 154|0x0000000089a00000, 0x0000000089a00000, 0x0000000089b00000|  0%| F|  |TAMS 0x0000000089a00000, 0x0000000089a00000| Untracked 
| 155|0x0000000089b00000, 0x0000000089b00000, 0x0000000089c00000|  0%| F|  |TAMS 0x0000000089b00000, 0x0000000089b00000| Untracked 
| 156|0x0000000089c00000, 0x0000000089c00000, 0x0000000089d00000|  0%| F|  |TAMS 0x0000000089c00000, 0x0000000089c00000| Untracked 
| 157|0x0000000089d00000, 0x0000000089d00000, 0x0000000089e00000|  0%| F|  |TAMS 0x0000000089d00000, 0x0000000089d00000| Untracked 
| 158|0x0000000089e00000, 0x0000000089e00000, 0x0000000089f00000|  0%| F|  |TAMS 0x0000000089e00000, 0x0000000089e00000| Untracked 
| 159|0x0000000089f00000, 0x0000000089f00000, 0x000000008a000000|  0%| F|  |TAMS 0x0000000089f00000, 0x0000000089f00000| Untracked 
| 160|0x000000008a000000, 0x000000008a000000, 0x000000008a100000|  0%| F|  |TAMS 0x000000008a000000, 0x000000008a000000| Untracked 
| 161|0x000000008a100000, 0x000000008a100000, 0x000000008a200000|  0%| F|  |TAMS 0x000000008a100000, 0x000000008a100000| Untracked 
| 162|0x000000008a200000, 0x000000008a200000, 0x000000008a300000|  0%| F|  |TAMS 0x000000008a200000, 0x000000008a200000| Untracked 
| 163|0x000000008a300000, 0x000000008a300000, 0x000000008a400000|  0%| F|  |TAMS 0x000000008a300000, 0x000000008a300000| Untracked 
| 164|0x000000008a400000, 0x000000008a500000, 0x000000008a500000|100%| O|  |TAMS 0x000000008a500000, 0x000000008a400000| Untracked 
| 165|0x000000008a500000, 0x000000008a500000, 0x000000008a600000|  0%| F|  |TAMS 0x000000008a500000, 0x000000008a500000| Untracked 
| 166|0x000000008a600000, 0x000000008a600000, 0x000000008a700000|  0%| F|  |TAMS 0x000000008a600000, 0x000000008a600000| Untracked 
| 167|0x000000008a700000, 0x000000008a700000, 0x000000008a800000|  0%| F|  |TAMS 0x000000008a700000, 0x000000008a700000| Untracked 
| 168|0x000000008a800000, 0x000000008a800000, 0x000000008a900000|  0%| F|  |TAMS 0x000000008a800000, 0x000000008a800000| Untracked 
| 169|0x000000008a900000, 0x000000008a900000, 0x000000008aa00000|  0%| F|  |TAMS 0x000000008a900000, 0x000000008a900000| Untracked 
| 170|0x000000008aa00000, 0x000000008aa00000, 0x000000008ab00000|  0%| F|  |TAMS 0x000000008aa00000, 0x000000008aa00000| Untracked 
| 171|0x000000008ab00000, 0x000000008ac00000, 0x000000008ac00000|100%| O|  |TAMS 0x000000008ac00000, 0x000000008ab00000| Untracked 
| 172|0x000000008ac00000, 0x000000008ac00000, 0x000000008ad00000|  0%| F|  |TAMS 0x000000008ac00000, 0x000000008ac00000| Untracked 
| 173|0x000000008ad00000, 0x000000008ad00000, 0x000000008ae00000|  0%| F|  |TAMS 0x000000008ad00000, 0x000000008ad00000| Untracked 
| 174|0x000000008ae00000, 0x000000008ae00000, 0x000000008af00000|  0%| F|  |TAMS 0x000000008ae00000, 0x000000008ae00000| Untracked 
| 175|0x000000008af00000, 0x000000008af00000, 0x000000008b000000|  0%| F|  |TAMS 0x000000008af00000, 0x000000008af00000| Untracked 
| 176|0x000000008b000000, 0x000000008b000000, 0x000000008b100000|  0%| F|  |TAMS 0x000000008b000000, 0x000000008b000000| Untracked 
| 177|0x000000008b100000, 0x000000008b100000, 0x000000008b200000|  0%| F|  |TAMS 0x000000008b100000, 0x000000008b100000| Untracked 
| 178|0x000000008b200000, 0x000000008b200000, 0x000000008b300000|  0%| F|  |TAMS 0x000000008b200000, 0x000000008b200000| Untracked 
| 179|0x000000008b300000, 0x000000008b300000, 0x000000008b400000|  0%| F|  |TAMS 0x000000008b300000, 0x000000008b300000| Untracked 
| 180|0x000000008b400000, 0x000000008b400000, 0x000000008b500000|  0%| F|  |TAMS 0x000000008b400000, 0x000000008b400000| Untracked 
| 181|0x000000008b500000, 0x000000008b500000, 0x000000008b600000|  0%| F|  |TAMS 0x000000008b500000, 0x000000008b500000| Untracked 
| 182|0x000000008b600000, 0x000000008b600000, 0x000000008b700000|  0%| F|  |TAMS 0x000000008b600000, 0x000000008b600000| Untracked 
| 183|0x000000008b700000, 0x000000008b700000, 0x000000008b800000|  0%| F|  |TAMS 0x000000008b700000, 0x000000008b700000| Untracked 
| 184|0x000000008b800000, 0x000000008b800000, 0x000000008b900000|  0%| F|  |TAMS 0x000000008b800000, 0x000000008b800000| Untracked 
| 185|0x000000008b900000, 0x000000008ba00000, 0x000000008ba00000|100%| O|  |TAMS 0x000000008b964600, 0x000000008b900000| Untracked 
| 186|0x000000008ba00000, 0x000000008ba00000, 0x000000008bb00000|  0%| F|  |TAMS 0x000000008ba00000, 0x000000008ba00000| Untracked 
| 187|0x000000008bb00000, 0x000000008bb00000, 0x000000008bc00000|  0%| F|  |TAMS 0x000000008bb00000, 0x000000008bb00000| Untracked 
| 188|0x000000008bc00000, 0x000000008bc00000, 0x000000008bd00000|  0%| F|  |TAMS 0x000000008bc00000, 0x000000008bc00000| Untracked 
| 189|0x000000008bd00000, 0x000000008bd00000, 0x000000008be00000|  0%| F|  |TAMS 0x000000008bd00000, 0x000000008bd00000| Untracked 
| 190|0x000000008be00000, 0x000000008be00000, 0x000000008bf00000|  0%| F|  |TAMS 0x000000008be00000, 0x000000008be00000| Untracked 
| 191|0x000000008bf00000, 0x000000008bf00000, 0x000000008c000000|  0%| F|  |TAMS 0x000000008bf00000, 0x000000008bf00000| Untracked 
| 192|0x000000008c000000, 0x000000008c000000, 0x000000008c100000|  0%| F|  |TAMS 0x000000008c000000, 0x000000008c000000| Untracked 
| 193|0x000000008c100000, 0x000000008c100000, 0x000000008c200000|  0%| F|  |TAMS 0x000000008c100000, 0x000000008c100000| Untracked 
| 194|0x000000008c200000, 0x000000008c200000, 0x000000008c300000|  0%| F|  |TAMS 0x000000008c200000, 0x000000008c200000| Untracked 
| 195|0x000000008c300000, 0x000000008c300000, 0x000000008c400000|  0%| F|  |TAMS 0x000000008c300000, 0x000000008c300000| Untracked 
| 196|0x000000008c400000, 0x000000008c400000, 0x000000008c500000|  0%| F|  |TAMS 0x000000008c400000, 0x000000008c400000| Untracked 
| 197|0x000000008c500000, 0x000000008c500000, 0x000000008c600000|  0%| F|  |TAMS 0x000000008c500000, 0x000000008c500000| Untracked 
| 198|0x000000008c600000, 0x000000008c600000, 0x000000008c700000|  0%| F|  |TAMS 0x000000008c600000, 0x000000008c600000| Untracked 
| 199|0x000000008c700000, 0x000000008c700000, 0x000000008c800000|  0%| F|  |TAMS 0x000000008c700000, 0x000000008c700000| Untracked 
| 200|0x000000008c800000, 0x000000008c800000, 0x000000008c900000|  0%| F|  |TAMS 0x000000008c800000, 0x000000008c800000| Untracked 
| 201|0x000000008c900000, 0x000000008c900000, 0x000000008ca00000|  0%| F|  |TAMS 0x000000008c900000, 0x000000008c900000| Untracked 
| 202|0x000000008ca00000, 0x000000008ca00000, 0x000000008cb00000|  0%| F|  |TAMS 0x000000008ca00000, 0x000000008ca00000| Untracked 
| 203|0x000000008cb00000, 0x000000008cb00000, 0x000000008cc00000|  0%| F|  |TAMS 0x000000008cb00000, 0x000000008cb00000| Untracked 
| 204|0x000000008cc00000, 0x000000008cc00000, 0x000000008cd00000|  0%| F|  |TAMS 0x000000008cc00000, 0x000000008cc00000| Untracked 
| 205|0x000000008cd00000, 0x000000008cd00000, 0x000000008ce00000|  0%| F|  |TAMS 0x000000008cd00000, 0x000000008cd00000| Untracked 
| 206|0x000000008ce00000, 0x000000008ce00000, 0x000000008cf00000|  0%| F|  |TAMS 0x000000008ce00000, 0x000000008ce00000| Untracked 
| 207|0x000000008cf00000, 0x000000008cf00000, 0x000000008d000000|  0%| F|  |TAMS 0x000000008cf00000, 0x000000008cf00000| Untracked 
| 208|0x000000008d000000, 0x000000008d000000, 0x000000008d100000|  0%| F|  |TAMS 0x000000008d000000, 0x000000008d000000| Untracked 
| 209|0x000000008d100000, 0x000000008d100000, 0x000000008d200000|  0%| F|  |TAMS 0x000000008d100000, 0x000000008d100000| Untracked 
| 210|0x000000008d200000, 0x000000008d200000, 0x000000008d300000|  0%| F|  |TAMS 0x000000008d200000, 0x000000008d200000| Untracked 
| 211|0x000000008d300000, 0x000000008d300000, 0x000000008d400000|  0%| F|  |TAMS 0x000000008d300000, 0x000000008d300000| Untracked 
| 212|0x000000008d400000, 0x000000008d400000, 0x000000008d500000|  0%| F|  |TAMS 0x000000008d400000, 0x000000008d400000| Untracked 
| 213|0x000000008d500000, 0x000000008d500000, 0x000000008d600000|  0%| F|  |TAMS 0x000000008d500000, 0x000000008d500000| Untracked 
| 214|0x000000008d600000, 0x000000008d600000, 0x000000008d700000|  0%| F|  |TAMS 0x000000008d600000, 0x000000008d600000| Untracked 
| 215|0x000000008d700000, 0x000000008d700000, 0x000000008d800000|  0%| F|  |TAMS 0x000000008d700000, 0x000000008d700000| Untracked 
| 216|0x000000008d800000, 0x000000008d800000, 0x000000008d900000|  0%| F|  |TAMS 0x000000008d800000, 0x000000008d800000| Untracked 
| 217|0x000000008d900000, 0x000000008d900000, 0x000000008da00000|  0%| F|  |TAMS 0x000000008d900000, 0x000000008d900000| Untracked 
| 218|0x000000008da00000, 0x000000008da00000, 0x000000008db00000|  0%| F|  |TAMS 0x000000008da00000, 0x000000008da00000| Untracked 
| 219|0x000000008db00000, 0x000000008db00000, 0x000000008dc00000|  0%| F|  |TAMS 0x000000008db00000, 0x000000008db00000| Untracked 
| 220|0x000000008dc00000, 0x000000008dc00000, 0x000000008dd00000|  0%| F|  |TAMS 0x000000008dc00000, 0x000000008dc00000| Untracked 
| 221|0x000000008dd00000, 0x000000008dd1a058, 0x000000008de00000| 10%| S|CS|TAMS 0x000000008dd00000, 0x000000008dd00000| Complete 
| 222|0x000000008de00000, 0x000000008df00000, 0x000000008df00000|100%| S|CS|TAMS 0x000000008de00000, 0x000000008de00000| Complete 
| 223|0x000000008df00000, 0x000000008df00000, 0x000000008e000000|  0%| F|  |TAMS 0x000000008df00000, 0x000000008df00000| Untracked 
| 224|0x000000008e000000, 0x000000008e000000, 0x000000008e100000|  0%| F|  |TAMS 0x000000008e000000, 0x000000008e000000| Untracked 
| 225|0x000000008e100000, 0x000000008e100000, 0x000000008e200000|  0%| F|  |TAMS 0x000000008e100000, 0x000000008e100000| Untracked 
| 226|0x000000008e200000, 0x000000008e200000, 0x000000008e300000|  0%| F|  |TAMS 0x000000008e200000, 0x000000008e200000| Untracked 
| 227|0x000000008e300000, 0x000000008e300000, 0x000000008e400000|  0%| F|  |TAMS 0x000000008e300000, 0x000000008e300000| Untracked 
| 228|0x000000008e400000, 0x000000008e400000, 0x000000008e500000|  0%| F|  |TAMS 0x000000008e400000, 0x000000008e400000| Untracked 
| 229|0x000000008e500000, 0x000000008e500000, 0x000000008e600000|  0%| F|  |TAMS 0x000000008e500000, 0x000000008e500000| Untracked 
| 230|0x000000008e600000, 0x000000008e600000, 0x000000008e700000|  0%| F|  |TAMS 0x000000008e600000, 0x000000008e600000| Untracked 
| 231|0x000000008e700000, 0x000000008e700000, 0x000000008e800000|  0%| F|  |TAMS 0x000000008e700000, 0x000000008e700000| Untracked 
| 232|0x000000008e800000, 0x000000008e800000, 0x000000008e900000|  0%| F|  |TAMS 0x000000008e800000, 0x000000008e800000| Untracked 
| 233|0x000000008e900000, 0x000000008e900000, 0x000000008ea00000|  0%| F|  |TAMS 0x000000008e900000, 0x000000008e900000| Untracked 
| 234|0x000000008ea00000, 0x000000008ea00000, 0x000000008eb00000|  0%| F|  |TAMS 0x000000008ea00000, 0x000000008ea00000| Untracked 
| 235|0x000000008eb00000, 0x000000008eb00000, 0x000000008ec00000|  0%| F|  |TAMS 0x000000008eb00000, 0x000000008eb00000| Untracked 
| 236|0x000000008ec00000, 0x000000008ec00000, 0x000000008ed00000|  0%| F|  |TAMS 0x000000008ec00000, 0x000000008ec00000| Untracked 
| 237|0x000000008ed00000, 0x000000008ed00000, 0x000000008ee00000|  0%| F|  |TAMS 0x000000008ed00000, 0x000000008ed00000| Untracked 
| 238|0x000000008ee00000, 0x000000008ee00000, 0x000000008ef00000|  0%| F|  |TAMS 0x000000008ee00000, 0x000000008ee00000| Untracked 
| 239|0x000000008ef00000, 0x000000008ef00000, 0x000000008f000000|  0%| F|  |TAMS 0x000000008ef00000, 0x000000008ef00000| Untracked 
| 240|0x000000008f000000, 0x000000008f000000, 0x000000008f100000|  0%| F|  |TAMS 0x000000008f000000, 0x000000008f000000| Untracked 
| 241|0x000000008f100000, 0x000000008f100000, 0x000000008f200000|  0%| F|  |TAMS 0x000000008f100000, 0x000000008f100000| Untracked 
| 242|0x000000008f200000, 0x000000008f200000, 0x000000008f300000|  0%| F|  |TAMS 0x000000008f200000, 0x000000008f200000| Untracked 
| 243|0x000000008f300000, 0x000000008f300000, 0x000000008f400000|  0%| F|  |TAMS 0x000000008f300000, 0x000000008f300000| Untracked 
| 244|0x000000008f400000, 0x000000008f400000, 0x000000008f500000|  0%| F|  |TAMS 0x000000008f400000, 0x000000008f400000| Untracked 
| 245|0x000000008f500000, 0x000000008f500000, 0x000000008f600000|  0%| F|  |TAMS 0x000000008f500000, 0x000000008f500000| Untracked 
| 246|0x000000008f600000, 0x000000008f600000, 0x000000008f700000|  0%| F|  |TAMS 0x000000008f600000, 0x000000008f600000| Untracked 
| 247|0x000000008f700000, 0x000000008f700000, 0x000000008f800000|  0%| F|  |TAMS 0x000000008f700000, 0x000000008f700000| Untracked 
| 248|0x000000008f800000, 0x000000008f800000, 0x000000008f900000|  0%| F|  |TAMS 0x000000008f800000, 0x000000008f800000| Untracked 
| 249|0x000000008f900000, 0x000000008f900000, 0x000000008fa00000|  0%| F|  |TAMS 0x000000008f900000, 0x000000008f900000| Untracked 
| 250|0x000000008fa00000, 0x000000008fa00000, 0x000000008fb00000|  0%| F|  |TAMS 0x000000008fa00000, 0x000000008fa00000| Untracked 
| 251|0x000000008fb00000, 0x000000008fb00000, 0x000000008fc00000|  0%| F|  |TAMS 0x000000008fb00000, 0x000000008fb00000| Untracked 
| 252|0x000000008fc00000, 0x000000008fc00000, 0x000000008fd00000|  0%| F|  |TAMS 0x000000008fc00000, 0x000000008fc00000| Untracked 
| 253|0x000000008fd00000, 0x000000008fd00000, 0x000000008fe00000|  0%| F|  |TAMS 0x000000008fd00000, 0x000000008fd00000| Untracked 
| 254|0x000000008fe00000, 0x000000008fe00000, 0x000000008ff00000|  0%| F|  |TAMS 0x000000008fe00000, 0x000000008fe00000| Untracked 
| 255|0x000000008ff00000, 0x000000008ff00000, 0x0000000090000000|  0%| F|  |TAMS 0x000000008ff00000, 0x000000008ff00000| Untracked 
| 256|0x0000000090000000, 0x0000000090000000, 0x0000000090100000|  0%| F|  |TAMS 0x0000000090000000, 0x0000000090000000| Untracked 
| 257|0x0000000090100000, 0x0000000090100000, 0x0000000090200000|  0%| F|  |TAMS 0x0000000090100000, 0x0000000090100000| Untracked 
| 258|0x0000000090200000, 0x0000000090200000, 0x0000000090300000|  0%| F|  |TAMS 0x0000000090200000, 0x0000000090200000| Untracked 
| 259|0x0000000090300000, 0x0000000090300000, 0x0000000090400000|  0%| F|  |TAMS 0x0000000090300000, 0x0000000090300000| Untracked 
| 260|0x0000000090400000, 0x0000000090400000, 0x0000000090500000|  0%| F|  |TAMS 0x0000000090400000, 0x0000000090400000| Untracked 
| 261|0x0000000090500000, 0x0000000090500000, 0x0000000090600000|  0%| F|  |TAMS 0x0000000090500000, 0x0000000090500000| Untracked 
| 262|0x0000000090600000, 0x0000000090600000, 0x0000000090700000|  0%| F|  |TAMS 0x0000000090600000, 0x0000000090600000| Untracked 
| 263|0x0000000090700000, 0x0000000090700000, 0x0000000090800000|  0%| F|  |TAMS 0x0000000090700000, 0x0000000090700000| Untracked 
| 264|0x0000000090800000, 0x0000000090800000, 0x0000000090900000|  0%| F|  |TAMS 0x0000000090800000, 0x0000000090800000| Untracked 
| 265|0x0000000090900000, 0x0000000090900000, 0x0000000090a00000|  0%| F|  |TAMS 0x0000000090900000, 0x0000000090900000| Untracked 
| 266|0x0000000090a00000, 0x0000000090a00000, 0x0000000090b00000|  0%| F|  |TAMS 0x0000000090a00000, 0x0000000090a00000| Untracked 
| 267|0x0000000090b00000, 0x0000000090b00000, 0x0000000090c00000|  0%| F|  |TAMS 0x0000000090b00000, 0x0000000090b00000| Untracked 
| 268|0x0000000090c00000, 0x0000000090c00000, 0x0000000090d00000|  0%| F|  |TAMS 0x0000000090c00000, 0x0000000090c00000| Untracked 
| 269|0x0000000090d00000, 0x0000000090d00000, 0x0000000090e00000|  0%| F|  |TAMS 0x0000000090d00000, 0x0000000090d00000| Untracked 
| 270|0x0000000090e00000, 0x0000000090e00000, 0x0000000090f00000|  0%| F|  |TAMS 0x0000000090e00000, 0x0000000090e00000| Untracked 
| 271|0x0000000090f00000, 0x0000000090f00000, 0x0000000091000000|  0%| F|  |TAMS 0x0000000090f00000, 0x0000000090f00000| Untracked 
| 272|0x0000000091000000, 0x0000000091000000, 0x0000000091100000|  0%| F|  |TAMS 0x0000000091000000, 0x0000000091000000| Untracked 
| 273|0x0000000091100000, 0x0000000091100000, 0x0000000091200000|  0%| F|  |TAMS 0x0000000091100000, 0x0000000091100000| Untracked 
| 274|0x0000000091200000, 0x0000000091200000, 0x0000000091300000|  0%| F|  |TAMS 0x0000000091200000, 0x0000000091200000| Untracked 
| 275|0x0000000091300000, 0x0000000091300000, 0x0000000091400000|  0%| F|  |TAMS 0x0000000091300000, 0x0000000091300000| Untracked 
| 276|0x0000000091400000, 0x0000000091400000, 0x0000000091500000|  0%| F|  |TAMS 0x0000000091400000, 0x0000000091400000| Untracked 
| 277|0x0000000091500000, 0x0000000091500000, 0x0000000091600000|  0%| F|  |TAMS 0x0000000091500000, 0x0000000091500000| Untracked 
| 278|0x0000000091600000, 0x0000000091600000, 0x0000000091700000|  0%| F|  |TAMS 0x0000000091600000, 0x0000000091600000| Untracked 
| 279|0x0000000091700000, 0x0000000091700000, 0x0000000091800000|  0%| F|  |TAMS 0x0000000091700000, 0x0000000091700000| Untracked 
| 280|0x0000000091800000, 0x0000000091800000, 0x0000000091900000|  0%| F|  |TAMS 0x0000000091800000, 0x0000000091800000| Untracked 
| 281|0x0000000091900000, 0x0000000091900000, 0x0000000091a00000|  0%| F|  |TAMS 0x0000000091900000, 0x0000000091900000| Untracked 

Card table byte_map: [0x000001d0bf350000,0x000001d0bf750000] _byte_map_base: 0x000001d0bef50000

Marking Bits (Prev, Next): (CMBitMap*) 0x000001d0aa23f620, (CMBitMap*) 0x000001d0aa23f5e8
 Prev Bits: [0x000001d0c1b50000, 0x000001d0c3b50000)
 Next Bits: [0x000001d0bfb50000, 0x000001d0c1b50000)

Polling page: 0x000001d0aa2e0000

Metaspace:

Usage:
  Non-class:    112.69 MB capacity,   110.56 MB ( 98%) used,     1.76 MB (  2%) free+waste,   374.75 KB ( <1%) overhead. 
      Class:     16.75 MB capacity,    15.57 MB ( 93%) used,     1.02 MB (  6%) free+waste,   163.25 KB ( <1%) overhead. 
       Both:    129.43 MB capacity,   126.12 MB ( 97%) used,     2.78 MB (  2%) free+waste,   538.00 KB ( <1%) overhead. 

Virtual space:
  Non-class space:      114.00 MB reserved,     112.87 MB (>99%) committed 
      Class space:        1.00 GB reserved,      16.75 MB (  2%) committed 
             Both:        1.11 GB reserved,     129.62 MB ( 11%) committed 

Chunk freelists:
   Non-Class:  58.00 KB
       Class:  2.00 KB
        Both:  60.00 KB

MaxMetaspaceSize: 17179869184.00 GB
CompressedClassSpaceSize: 1.00 GB
Initial GC threshold: 20.80 MB
Current GC threshold: 208.53 MB
CDS: off

CodeHeap 'non-profiled nmethods': size=120000Kb used=12131Kb max_used=12131Kb free=107868Kb
 bounds [0x000001d0b6fb0000, 0x000001d0b7b90000, 0x000001d0be4e0000]
CodeHeap 'profiled nmethods': size=120000Kb used=40699Kb max_used=40699Kb free=79300Kb
 bounds [0x000001d0afa80000, 0x000001d0b2240000, 0x000001d0b6fb0000]
CodeHeap 'non-nmethods': size=5760Kb used=2473Kb max_used=2546Kb free=3286Kb
 bounds [0x000001d0af4e0000, 0x000001d0af760000, 0x000001d0afa80000]
 total_blobs=19031 nmethods=18030 adapters=912
 compilation: enabled
              stopped_count=0, restarted_count=0
 full_count=0

Compilation events (20 events):
Event: 103.905 Thread 0x000001d0d1ee9000 18269       4       jdk.internal.module.SystemModuleFinders$SystemModuleReader::find (54 bytes)
Event: 103.906 Thread 0x000001d0c6ec1800 18270       3       java.util.ServiceLoader$LazyClassPathLookupIterator::hasNext (42 bytes)
Event: 103.906 Thread 0x000001d0c6ec1800 nmethod 18270 0x000001d0b2236f90 code [0x000001d0b2237180, 0x000001d0b22374c8]
Event: 103.910 Thread 0x000001d0c6ec1800 18271       3       java.lang.String::regionMatches (150 bytes)
Event: 103.911 Thread 0x000001d0c6ec1800 nmethod 18271 0x000001d0b2237690 code [0x000001d0b2237900, 0x000001d0b22382c8]
Event: 103.914 Thread 0x000001d0c6ec1800 18272       3       java.util.jar.JarFile::getVersionedEntry (85 bytes)
Event: 103.915 Thread 0x000001d0c6ec1800 nmethod 18272 0x000001d0b2238610 code [0x000001d0b2238900, 0x000001d0b2239908]
Event: 103.939 Thread 0x000001d0c6ec1800 18273       3       kotlin.reflect.jvm.internal.KClassCacheKt::getOrCreateKotlinClass (235 bytes)
Event: 103.939 Thread 0x000001d0d40a5800 18275       4       kotlin.jvm.internal.Lambda::<init> (10 bytes)
Event: 103.940 Thread 0x000001d0d40a5800 nmethod 18275 0x000001d0b7b85490 code [0x000001d0b7b85620, 0x000001d0b7b85678]
Event: 103.941 Thread 0x000001d0c6ec1800 nmethod 18273 0x000001d0b2239f10 code [0x000001d0b223a340, 0x000001d0b223c5a8]
Event: 103.941 Thread 0x000001d0c6ec1800 18274       3       kotlin.reflect.jvm.internal.pcollections.HashPMap::get (54 bytes)
Event: 103.941 Thread 0x000001d0c6ec1800 nmethod 18274 0x000001d0b223cf90 code [0x000001d0b223d1c0, 0x000001d0b223d948]
Event: 103.941 Thread 0x000001d0c6ec1800 18276       3       kotlin.reflect.jvm.internal.ReflectProperties::lazy (17 bytes)
Event: 103.941 Thread 0x000001d0c6ec1800 nmethod 18276 0x000001d0b223dc10 code [0x000001d0b223de00, 0x000001d0b223e218]
Event: 103.950 Thread 0x000001d0c6ec1800 18277       3       kotlin.reflect.jvm.internal.impl.renderer.DescriptorRendererOptionsImpl::property (20 bytes)
Event: 103.950 Thread 0x000001d0c6ec1800 nmethod 18277 0x000001d0b223e390 code [0x000001d0b223e560, 0x000001d0b223e898]
Event: 103.950 Thread 0x000001d0c6ec1800 18278       3       kotlin.reflect.jvm.internal.impl.renderer.DescriptorRendererOptionsImpl$property$$inlined$vetoable$1::<init> (11 bytes)
Event: 103.950 Thread 0x000001d0c6ec1800 nmethod 18278 0x000001d0b223ea10 code [0x000001d0b223ebe0, 0x000001d0b223ee58]
Event: 103.958 Thread 0x000001d0d1ee9000 nmethod 18269 0x000001d0b7b85790 code [0x000001d0b7b85a00, 0x000001d0b7b87e70]

GC Heap History (20 events):
Event: 101.523 GC heap after
{Heap after GC invocations=55 (full 0):
 garbage-first heap   total 225280K, used 182109K [0x0000000080000000, 0x0000000100000000)
  region size 1024K, 2 young (2048K), 2 survivors (2048K)
 Metaspace       used 123539K, capacity 126899K, committed 127096K, reserved 1159168K
  class space    used 15357K, capacity 16571K, committed 16640K, reserved 1048576K
}
Event: 101.626 GC heap before
{Heap before GC invocations=55 (full 0):
 garbage-first heap   total 225280K, used 195421K [0x0000000080000000, 0x0000000100000000)
  region size 1024K, 16 young (16384K), 2 survivors (2048K)
 Metaspace       used 123952K, capacity 127315K, committed 127608K, reserved 1161216K
  class space    used 15390K, capacity 16603K, committed 16640K, reserved 1048576K
}
Event: 101.629 GC heap after
{Heap after GC invocations=56 (full 0):
 garbage-first heap   total 225280K, used 182640K [0x0000000080000000, 0x0000000100000000)
  region size 1024K, 2 young (2048K), 2 survivors (2048K)
 Metaspace       used 123952K, capacity 127315K, committed 127608K, reserved 1161216K
  class space    used 15390K, capacity 16603K, committed 16640K, reserved 1048576K
}
Event: 101.738 GC heap before
{Heap before GC invocations=56 (full 0):
 garbage-first heap   total 225280K, used 194928K [0x0000000080000000, 0x0000000100000000)
  region size 1024K, 15 young (15360K), 2 survivors (2048K)
 Metaspace       used 124297K, capacity 127733K, committed 127864K, reserved 1161216K
  class space    used 15414K, capacity 16636K, committed 16640K, reserved 1048576K
}
Event: 101.741 GC heap after
{Heap after GC invocations=57 (full 0):
 garbage-first heap   total 225280K, used 183599K [0x0000000080000000, 0x0000000100000000)
  region size 1024K, 2 young (2048K), 2 survivors (2048K)
 Metaspace       used 124297K, capacity 127733K, committed 127864K, reserved 1161216K
  class space    used 15414K, capacity 16636K, committed 16640K, reserved 1048576K
}
Event: 101.792 GC heap before
{Heap before GC invocations=57 (full 0):
 garbage-first heap   total 225280K, used 196911K [0x0000000080000000, 0x0000000100000000)
  region size 1024K, 15 young (15360K), 2 survivors (2048K)
 Metaspace       used 124403K, capacity 127797K, committed 127864K, reserved 1161216K
  class space    used 15418K, capacity 16636K, committed 16640K, reserved 1048576K
}
Event: 101.799 GC heap after
{Heap after GC invocations=58 (full 0):
 garbage-first heap   total 225280K, used 186726K [0x0000000080000000, 0x0000000100000000)
  region size 1024K, 2 young (2048K), 2 survivors (2048K)
 Metaspace       used 124403K, capacity 127797K, committed 127864K, reserved 1161216K
  class space    used 15418K, capacity 16636K, committed 16640K, reserved 1048576K
}
Event: 101.871 GC heap before
{Heap before GC invocations=58 (full 0):
 garbage-first heap   total 225280K, used 195942K [0x0000000080000000, 0x0000000100000000)
  region size 1024K, 12 young (12288K), 2 survivors (2048K)
 Metaspace       used 124539K, capacity 127935K, committed 128120K, reserved 1161216K
  class space    used 15426K, capacity 16636K, committed 16640K, reserved 1048576K
}
Event: 101.876 GC heap after
{Heap after GC invocations=59 (full 0):
 garbage-first heap   total 225280K, used 189733K [0x0000000080000000, 0x0000000100000000)
  region size 1024K, 2 young (2048K), 2 survivors (2048K)
 Metaspace       used 124539K, capacity 127935K, committed 128120K, reserved 1161216K
  class space    used 15426K, capacity 16636K, committed 16640K, reserved 1048576K
}
Event: 101.997 GC heap before
{Heap before GC invocations=59 (full 0):
 garbage-first heap   total 225280K, used 197925K [0x0000000080000000, 0x0000000100000000)
  region size 1024K, 11 young (11264K), 2 survivors (2048K)
 Metaspace       used 124629K, capacity 127999K, committed 128120K, reserved 1161216K
  class space    used 15426K, capacity 16636K, committed 16640K, reserved 1048576K
}
Event: 102.001 GC heap after
{Heap after GC invocations=60 (full 0):
 garbage-first heap   total 225280K, used 190178K [0x0000000080000000, 0x0000000100000000)
  region size 1024K, 1 young (1024K), 1 survivors (1024K)
 Metaspace       used 124629K, capacity 127999K, committed 128120K, reserved 1161216K
  class space    used 15426K, capacity 16636K, committed 16640K, reserved 1048576K
}
Event: 102.305 GC heap before
{Heap before GC invocations=61 (full 0):
 garbage-first heap   total 225280K, used 186082K [0x0000000080000000, 0x0000000100000000)
  region size 1024K, 11 young (11264K), 1 survivors (1024K)
 Metaspace       used 124714K, capacity 128063K, committed 128120K, reserved 1161216K
  class space    used 15426K, capacity 16635K, committed 16640K, reserved 1048576K
}
Event: 102.309 GC heap after
{Heap after GC invocations=62 (full 0):
 garbage-first heap   total 288768K, used 176879K [0x0000000080000000, 0x0000000100000000)
  region size 1024K, 1 young (1024K), 1 survivors (1024K)
 Metaspace       used 124714K, capacity 128063K, committed 128120K, reserved 1161216K
  class space    used 15426K, capacity 16635K, committed 16640K, reserved 1048576K
}
Event: 102.524 GC heap before
{Heap before GC invocations=62 (full 0):
 garbage-first heap   total 288768K, used 189167K [0x0000000080000000, 0x0000000100000000)
  region size 1024K, 14 young (14336K), 1 survivors (1024K)
 Metaspace       used 124982K, capacity 128334K, committed 128376K, reserved 1161216K
  class space    used 15444K, capacity 16636K, committed 16640K, reserved 1048576K
}
Event: 102.528 GC heap after
{Heap after GC invocations=63 (full 0):
 garbage-first heap   total 288768K, used 148922K [0x0000000080000000, 0x0000000100000000)
  region size 1024K, 1 young (1024K), 1 survivors (1024K)
 Metaspace       used 124982K, capacity 128334K, committed 128376K, reserved 1161216K
  class space    used 15444K, capacity 16636K, committed 16640K, reserved 1048576K
}
Event: 102.655 GC heap before
{Heap before GC invocations=63 (full 0):
 garbage-first heap   total 288768K, used 162234K [0x0000000080000000, 0x0000000100000000)
  region size 1024K, 14 young (14336K), 1 survivors (1024K)
 Metaspace       used 125523K, capacity 128936K, committed 129016K, reserved 1161216K
  class space    used 15507K, capacity 16704K, committed 16768K, reserved 1048576K
}
Event: 102.661 GC heap after
{Heap after GC invocations=64 (full 0):
 garbage-first heap   total 288768K, used 146991K [0x0000000080000000, 0x0000000100000000)
  region size 1024K, 2 young (2048K), 2 survivors (2048K)
 Metaspace       used 125523K, capacity 128936K, committed 129016K, reserved 1161216K
  class space    used 15507K, capacity 16704K, committed 16768K, reserved 1048576K
}
Event: 103.278 GC heap before
{Heap before GC invocations=64 (full 0):
 garbage-first heap   total 288768K, used 197167K [0x0000000080000000, 0x0000000100000000)
  region size 1024K, 52 young (53248K), 2 survivors (2048K)
 Metaspace       used 126743K, capacity 130158K, committed 130424K, reserved 1163264K
  class space    used 15635K, capacity 16848K, committed 16896K, reserved 1048576K
}
Event: 103.285 GC heap after
{Heap after GC invocations=65 (full 0):
 garbage-first heap   total 288768K, used 150979K [0x0000000080000000, 0x0000000100000000)
  region size 1024K, 6 young (6144K), 6 survivors (6144K)
 Metaspace       used 126743K, capacity 130158K, committed 130424K, reserved 1163264K
  class space    used 15635K, capacity 16848K, committed 16896K, reserved 1048576K
}
Event: 103.970 GC heap before
{Heap before GC invocations=65 (full 0):
 garbage-first heap   total 288768K, used 205251K [0x0000000080000000, 0x0000000100000000)
  region size 1024K, 59 young (60416K), 6 survivors (6144K)
 Metaspace       used 129151K, capacity 132540K, committed 132728K, reserved 1165312K
  class space    used 15941K, capacity 17150K, committed 17152K, reserved 1048576K
}

Deoptimization events (20 events):
Event: 103.726 Thread 0x000001d0c9cc0800 Uncommon trap: trap_request=0xffffffde fr.pc=0x000001d0b79cf000 relative=0x0000000000001860
Event: 103.726 Thread 0x000001d0c9cc0800 Uncommon trap: reason=class_check action=maybe_recompile pc=0x000001d0b79cf000 method=org.apache.xerces.dom.AttributeMap.reconcileDefaults(Lorg/apache/xerces/dom/NamedNodeMapImpl;)V @ 38 c2
Event: 103.726 Thread 0x000001d0c9cc0800 DEOPT PACKING pc=0x000001d0b79cf000 sp=0x00000063799fa5c0
Event: 103.726 Thread 0x000001d0c9cc0800 DEOPT UNPACKING pc=0x000001d0af52a1af sp=0x00000063799fa4a0 mode 2
Event: 103.769 Thread 0x000001d0c9cc0800 Uncommon trap: trap_request=0xffffff4d fr.pc=0x000001d0b780b838 relative=0x00000000000004b8
Event: 103.769 Thread 0x000001d0c9cc0800 Uncommon trap: reason=unstable_if action=reinterpret pc=0x000001d0b780b838 method=java.util.HashMap.removeNode(ILjava/lang/Object;Ljava/lang/Object;ZZ)Ljava/util/HashMap$Node; @ 71 c2
Event: 103.769 Thread 0x000001d0c9cc0800 DEOPT PACKING pc=0x000001d0b780b838 sp=0x00000063799fa560
Event: 103.769 Thread 0x000001d0c9cc0800 DEOPT UNPACKING pc=0x000001d0af52a1af sp=0x00000063799fa500 mode 2
Event: 103.781 Thread 0x000001d0c9cc0800 DEOPT PACKING pc=0x000001d0b21f3baf sp=0x00000063799fa580
Event: 103.781 Thread 0x000001d0c9cc0800 DEOPT UNPACKING pc=0x000001d0af52a95e sp=0x00000063799f9a48 mode 0
Event: 103.793 Thread 0x000001d0c9cc0800 DEOPT PACKING pc=0x000001d0b21d339f sp=0x00000063799fa360
Event: 103.793 Thread 0x000001d0c9cc0800 DEOPT UNPACKING pc=0x000001d0af52a95e sp=0x00000063799f9820 mode 0
Event: 103.905 Thread 0x000001d0c9cc0800 Uncommon trap: trap_request=0xffffff4d fr.pc=0x000001d0b7ac5e54 relative=0x00000000000000b4
Event: 103.905 Thread 0x000001d0c9cc0800 Uncommon trap: reason=unstable_if action=reinterpret pc=0x000001d0b7ac5e54 method=kotlin.collections.CollectionsKt___CollectionsKt.toList(Ljava/lang/Iterable;)Ljava/util/List; @ 10 c2
Event: 103.905 Thread 0x000001d0c9cc0800 DEOPT PACKING pc=0x000001d0b7ac5e54 sp=0x00000063799f74c0
Event: 103.905 Thread 0x000001d0c9cc0800 DEOPT UNPACKING pc=0x000001d0af52a1af sp=0x00000063799f7490 mode 2
Event: 103.905 Thread 0x000001d0c9cc0800 Uncommon trap: trap_request=0xffffff4d fr.pc=0x000001d0b776be38 relative=0x00000000000009b8
Event: 103.905 Thread 0x000001d0c9cc0800 Uncommon trap: reason=unstable_if action=reinterpret pc=0x000001d0b776be38 method=java.util.jar.JarFile.getVersionedEntry(Ljava/lang/String;Ljava/util/jar/JarEntry;)Ljava/util/jar/JarEntry; @ 7 c2
Event: 103.905 Thread 0x000001d0c9cc0800 DEOPT PACKING pc=0x000001d0b776be38 sp=0x00000063799f6dc0
Event: 103.905 Thread 0x000001d0c9cc0800 DEOPT UNPACKING pc=0x000001d0af52a1af sp=0x00000063799f6da0 mode 2

Classes redefined (0 events):
No events

Internal exceptions (20 events):
Event: 102.363 Thread 0x000001d0c9cc4000 Exception <a 'sun/nio/fs/WindowsException'{0x00000000916ec7c8}> (0x00000000916ec7c8) thrown at [./src/hotspot/share/prims/jni.cpp, line 615]
Event: 102.364 Thread 0x000001d0c9cc4000 Exception <a 'sun/nio/fs/WindowsException'{0x00000000916edd90}> (0x00000000916edd90) thrown at [./src/hotspot/share/prims/jni.cpp, line 615]
Event: 102.366 Thread 0x000001d0c9cc4000 Exception <a 'sun/nio/fs/WindowsException'{0x00000000916ef260}> (0x00000000916ef260) thrown at [./src/hotspot/share/prims/jni.cpp, line 615]
Event: 102.367 Thread 0x000001d0c9cc4000 Exception <a 'sun/nio/fs/WindowsException'{0x00000000916f0820}> (0x00000000916f0820) thrown at [./src/hotspot/share/prims/jni.cpp, line 615]
Event: 102.368 Thread 0x000001d0c9cc4000 Exception <a 'sun/nio/fs/WindowsException'{0x00000000916f1dd8}> (0x00000000916f1dd8) thrown at [./src/hotspot/share/prims/jni.cpp, line 615]
Event: 102.491 Thread 0x000001d0c9cc4000 Exception <a 'sun/nio/fs/WindowsException'{0x0000000090f80d40}> (0x0000000090f80d40) thrown at [./src/hotspot/share/prims/jni.cpp, line 615]
Event: 102.492 Thread 0x000001d0c9cc4000 Exception <a 'sun/nio/fs/WindowsException'{0x0000000090f81bf8}> (0x0000000090f81bf8) thrown at [./src/hotspot/share/prims/jni.cpp, line 615]
Event: 102.555 Thread 0x000001d0c9cbf800 Exception <a 'sun/nio/fs/WindowsException'{0x00000000918f1678}> (0x00000000918f1678) thrown at [./src/hotspot/share/prims/jni.cpp, line 615]
Event: 102.555 Thread 0x000001d0c9cbf800 Exception <a 'sun/nio/fs/WindowsException'{0x00000000918f2b48}> (0x00000000918f2b48) thrown at [./src/hotspot/share/prims/jni.cpp, line 615]
Event: 102.575 Thread 0x000001d0cca68800 Exception <a 'sun/nio/fs/WindowsException'{0x0000000091689900}> (0x0000000091689900) thrown at [./src/hotspot/share/prims/jni.cpp, line 615]
Event: 102.724 Thread 0x000001d0c9cbd800 Exception <a 'java/lang/NoSuchMethodError'{0x0000000090f38980}: <clinit>> (0x0000000090f38980) thrown at [./src/hotspot/share/prims/jni.cpp, line 1365]
Event: 102.752 Thread 0x000001d0c9cc0800 Exception <a 'sun/nio/fs/WindowsException'{0x000000009097fd98}> (0x000000009097fd98) thrown at [./src/hotspot/share/prims/jni.cpp, line 615]
Event: 102.753 Thread 0x000001d0c9cc0800 Exception <a 'sun/nio/fs/WindowsException'{0x0000000090980e98}> (0x0000000090980e98) thrown at [./src/hotspot/share/prims/jni.cpp, line 615]
Event: 103.519 Thread 0x000001d0c9cc0800 Exception <a 'sun/nio/fs/WindowsException'{0x0000000090c04b48}> (0x0000000090c04b48) thrown at [./src/hotspot/share/prims/jni.cpp, line 615]
Event: 103.519 Thread 0x000001d0c9cc0800 Exception <a 'sun/nio/fs/WindowsException'{0x0000000090c05a40}> (0x0000000090c05a40) thrown at [./src/hotspot/share/prims/jni.cpp, line 615]
Event: 103.519 Thread 0x000001d0c9cc0800 Exception <a 'sun/nio/fs/WindowsException'{0x0000000090c05da0}> (0x0000000090c05da0) thrown at [./src/hotspot/share/prims/jni.cpp, line 615]
Event: 103.519 Thread 0x000001d0c9cc0800 Exception <a 'sun/nio/fs/WindowsException'{0x0000000090c06c60}> (0x0000000090c06c60) thrown at [./src/hotspot/share/prims/jni.cpp, line 615]
Event: 103.519 Thread 0x000001d0c9cc0800 Exception <a 'sun/nio/fs/WindowsException'{0x0000000090c06f88}> (0x0000000090c06f88) thrown at [./src/hotspot/share/prims/jni.cpp, line 615]
Event: 103.519 Thread 0x000001d0c9cc0800 Exception <a 'sun/nio/fs/WindowsException'{0x0000000090c07e30}> (0x0000000090c07e30) thrown at [./src/hotspot/share/prims/jni.cpp, line 615]
Event: 103.725 Thread 0x000001d0c9cc0800 Implicit null exception at 0x000001d0b79ca6eb to 0x000001d0b79cae78

Events (20 events):
Event: 103.966 loading class kotlin/reflect/jvm/internal/impl/types/ErrorUtils$ErrorClassDescriptor done
Event: 103.967 loading class kotlin/reflect/jvm/internal/impl/descriptors/ClassConstructorDescriptor
Event: 103.967 loading class kotlin/reflect/jvm/internal/impl/descriptors/ClassConstructorDescriptor done
Event: 103.967 loading class kotlin/reflect/jvm/internal/impl/descriptors/ConstructorDescriptor
Event: 103.967 loading class kotlin/reflect/jvm/internal/impl/descriptors/ConstructorDescriptor done
Event: 103.967 loading class kotlin/reflect/jvm/internal/impl/descriptors/impl/ClassConstructorDescriptorImpl
Event: 103.967 loading class kotlin/reflect/jvm/internal/impl/descriptors/impl/ClassConstructorDescriptorImpl done
Event: 103.967 loading class kotlin/reflect/jvm/internal/impl/descriptors/impl/FunctionDescriptorImpl
Event: 103.967 loading class kotlin/reflect/jvm/internal/impl/descriptors/impl/FunctionDescriptorImpl done
Event: 103.968 loading class kotlin/reflect/jvm/internal/impl/resolve/scopes/receivers/ReceiverValue
Event: 103.968 loading class kotlin/reflect/jvm/internal/impl/resolve/scopes/receivers/ReceiverValue done
Event: 103.969 loading class kotlin/reflect/jvm/internal/impl/descriptors/FunctionDescriptor$CopyBuilder
Event: 103.969 loading class kotlin/reflect/jvm/internal/impl/descriptors/FunctionDescriptor$CopyBuilder done
Event: 103.969 loading class kotlin/reflect/jvm/internal/impl/descriptors/CallableMemberDescriptor$Kind
Event: 103.969 loading class kotlin/reflect/jvm/internal/impl/descriptors/CallableMemberDescriptor$Kind done
Event: 103.970 loading class kotlin/reflect/jvm/internal/impl/descriptors/DescriptorVisibilities
Event: 103.970 loading class kotlin/reflect/jvm/internal/impl/descriptors/DescriptorVisibilities done
Event: 103.970 loading class kotlin/reflect/jvm/internal/impl/descriptors/Visibility
Event: 103.970 loading class kotlin/reflect/jvm/internal/impl/descriptors/Visibility done
Event: 103.970 Executing VM operation: G1CollectForAllocation


Dynamic libraries:
0x00007ff65ccb0000 - 0x00007ff65ccba000 	C:\Program Files\Android\Android Studio\jre\bin\java.exe
0x00007ffbb61c0000 - 0x00007ffbb63c9000 	C:\WINDOWS\SYSTEM32\ntdll.dll
0x00007ffbb4e40000 - 0x00007ffbb4efd000 	C:\WINDOWS\System32\KERNEL32.DLL
0x00007ffbb39a0000 - 0x00007ffbb3d19000 	C:\WINDOWS\System32\KERNELBASE.dll
0x00007ffbb3760000 - 0x00007ffbb3871000 	C:\WINDOWS\System32\ucrtbase.dll
0x00007ffba0d20000 - 0x00007ffba0d39000 	C:\Program Files\Android\Android Studio\jre\bin\jli.dll
0x00007ffb9d550000 - 0x00007ffb9d567000 	C:\Program Files\Android\Android Studio\jre\bin\VCRUNTIME140.dll
0x00007ffbb4b30000 - 0x00007ffbb4cdc000 	C:\WINDOWS\System32\USER32.dll
0x00007ffba30a0000 - 0x00007ffba3345000 	C:\WINDOWS\WinSxS\amd64_microsoft.windows.common-controls_6595b64144ccf1df_6.0.22000.120_none_9d947278b86cc467\COMCTL32.dll
0x00007ffbb3d20000 - 0x00007ffbb3d46000 	C:\WINDOWS\System32\win32u.dll
0x00007ffbb4d70000 - 0x00007ffbb4e13000 	C:\WINDOWS\System32\msvcrt.dll
0x00007ffbb5250000 - 0x00007ffbb5279000 	C:\WINDOWS\System32\GDI32.dll
0x00007ffbb3dc0000 - 0x00007ffbb3ed2000 	C:\WINDOWS\System32\gdi32full.dll
0x00007ffbb3880000 - 0x00007ffbb391d000 	C:\WINDOWS\System32\msvcp_win.dll
0x00007ffbb4600000 - 0x00007ffbb4631000 	C:\WINDOWS\System32\IMM32.DLL
0x00007ffb7fd80000 - 0x00007ffb7fe1d000 	C:\Program Files\Android\Android Studio\jre\bin\msvcp140.dll
0x00007ffb706f0000 - 0x00007ffb711d5000 	C:\Program Files\Android\Android Studio\jre\bin\server\jvm.dll
0x00007ffbb5d40000 - 0x00007ffbb5dee000 	C:\WINDOWS\System32\ADVAPI32.dll
0x00007ffbb5aa0000 - 0x00007ffbb5b3e000 	C:\WINDOWS\System32\sechost.dll
0x00007ffbb5130000 - 0x00007ffbb5250000 	C:\WINDOWS\System32\RPCRT4.dll
0x00007ffbb5110000 - 0x00007ffbb5118000 	C:\WINDOWS\System32\PSAPI.DLL
0x00007ffbafa40000 - 0x00007ffbafa49000 	C:\WINDOWS\SYSTEM32\WSOCK32.dll
0x00007ffbacba0000 - 0x00007ffbacbd3000 	C:\WINDOWS\SYSTEM32\WINMM.dll
0x00007ffbb4ce0000 - 0x00007ffbb4d4f000 	C:\WINDOWS\System32\WS2_32.dll
0x00007ffbac700000 - 0x00007ffbac70a000 	C:\WINDOWS\SYSTEM32\VERSION.dll
0x00007ffbb2890000 - 0x00007ffbb28a8000 	C:\WINDOWS\SYSTEM32\kernel.appcore.dll
0x00007ffba2170000 - 0x00007ffba2181000 	C:\Program Files\Android\Android Studio\jre\bin\verify.dll
0x00007ffbb11e0000 - 0x00007ffbb1401000 	C:\WINDOWS\SYSTEM32\DBGHELP.DLL
0x00007ffb9f320000 - 0x00007ffb9f351000 	C:\WINDOWS\SYSTEM32\dbgcore.DLL
0x00007ffbb3920000 - 0x00007ffbb399f000 	C:\WINDOWS\System32\bcryptPrimitives.dll
0x00007ffba2140000 - 0x00007ffba2169000 	C:\Program Files\Android\Android Studio\jre\bin\java.dll
0x00007ffbadf60000 - 0x00007ffbadf6b000 	C:\Program Files\Android\Android Studio\jre\bin\jimage.dll
0x00007ffba2120000 - 0x00007ffba2138000 	C:\Program Files\Android\Android Studio\jre\bin\zip.dll
0x00007ffbb52e0000 - 0x00007ffbb5a98000 	C:\WINDOWS\System32\SHELL32.dll
0x00007ffbb1820000 - 0x00007ffbb2087000 	C:\WINDOWS\SYSTEM32\windows.storage.dll
0x00007ffbb5e00000 - 0x00007ffbb6179000 	C:\WINDOWS\System32\combase.dll
0x00007ffbb16b0000 - 0x00007ffbb1816000 	C:\WINDOWS\SYSTEM32\wintypes.dll
0x00007ffbb5020000 - 0x00007ffbb510a000 	C:\WINDOWS\System32\SHCORE.dll
0x00007ffbb5280000 - 0x00007ffbb52dd000 	C:\WINDOWS\System32\shlwapi.dll
0x00007ffbb35d0000 - 0x00007ffbb35f1000 	C:\WINDOWS\SYSTEM32\profapi.dll
0x00007ffba2100000 - 0x00007ffba211a000 	C:\Program Files\Android\Android Studio\jre\bin\net.dll
0x00007ffbab490000 - 0x00007ffbab59c000 	C:\WINDOWS\SYSTEM32\WINHTTP.dll
0x00007ffbb2cc0000 - 0x00007ffbb2d27000 	C:\WINDOWS\system32\mswsock.dll
0x00007ffba19f0000 - 0x00007ffba1a04000 	C:\Program Files\Android\Android Studio\jre\bin\nio.dll
0x00007ffb9d2a0000 - 0x00007ffb9d2c7000 	C:\Users\Adrianne Lois\.gradle\native\e1d6ef7f7dcc3fd88c89a11ec53ec762bb8ba0a96d01ffa2cd45eb1d1d8dd5c5\windows-amd64\native-platform.dll
0x00007ffb7f7c0000 - 0x00007ffb7f904000 	C:\Users\Adrianne Lois\.gradle\native\0d407fdbe67a94daf76414ababcb853783967236a71b16ec16e742cd7a986fd3\windows-amd64\native-platform-file-events.dll
0x00007ffba20f0000 - 0x00007ffba20fa000 	C:\Program Files\Android\Android Studio\jre\bin\management.dll
0x00007ffba19e0000 - 0x00007ffba19ed000 	C:\Program Files\Android\Android Studio\jre\bin\management_ext.dll
0x00007ffbb2f00000 - 0x00007ffbb2f18000 	C:\WINDOWS\SYSTEM32\CRYPTSP.dll
0x00007ffbb27f0000 - 0x00007ffbb2825000 	C:\WINDOWS\system32\rsaenh.dll
0x00007ffbb2db0000 - 0x00007ffbb2dd9000 	C:\WINDOWS\SYSTEM32\USERENV.dll
0x00007ffbb3080000 - 0x00007ffbb30a7000 	C:\WINDOWS\SYSTEM32\bcrypt.dll
0x00007ffbb2f20000 - 0x00007ffbb2f2c000 	C:\WINDOWS\SYSTEM32\CRYPTBASE.dll
0x00007ffbb23c0000 - 0x00007ffbb23ed000 	C:\WINDOWS\SYSTEM32\IPHLPAPI.DLL
0x00007ffbb4260000 - 0x00007ffbb4269000 	C:\WINDOWS\System32\NSI.dll
0x00007ffbab680000 - 0x00007ffbab699000 	C:\WINDOWS\SYSTEM32\dhcpcsvc6.DLL
0x00007ffbab990000 - 0x00007ffbab9ae000 	C:\WINDOWS\SYSTEM32\dhcpcsvc.DLL
0x00007ffbb2430000 - 0x00007ffbb2518000 	C:\WINDOWS\SYSTEM32\DNSAPI.dll
0x00007ffba13e0000 - 0x00007ffba1407000 	C:\Program Files\Android\Android Studio\jre\bin\sunec.dll
0x00007ffba29c0000 - 0x00007ffba29ca000 	C:\Windows\System32\rasadhlp.dll
0x00007ffbaad60000 - 0x00007ffbaade1000 	C:\WINDOWS\System32\fwpuclnt.dll
0x00007ffbb0c80000 - 0x00007ffbb0cb4000 	C:\WINDOWS\SYSTEM32\ntmarta.dll

dbghelp: loaded successfully - version: 4.0.5 - missing functions: none
symbol engine: initialized successfully - sym options: 0x614 - pdb path: .;C:\Program Files\Android\Android Studio\jre\bin;C:\WINDOWS\SYSTEM32;C:\WINDOWS\WinSxS\amd64_microsoft.windows.common-controls_6595b64144ccf1df_6.0.22000.120_none_9d947278b86cc467;C:\Program Files\Android\Android Studio\jre\bin\server;C:\Users\Adrianne Lois\.gradle\native\e1d6ef7f7dcc3fd88c89a11ec53ec762bb8ba0a96d01ffa2cd45eb1d1d8dd5c5\windows-amd64;C:\Users\Adrianne Lois\.gradle\native\0d407fdbe67a94daf76414ababcb853783967236a71b16ec16e742cd7a986fd3\windows-amd64

VM Arguments:
jvm_args: --add-opens=java.base/java.util=ALL-UNNAMED --add-opens=java.base/java.lang=ALL-UNNAMED --add-opens=java.base/java.lang.invoke=ALL-UNNAMED --add-opens=java.base/java.util=ALL-UNNAMED --add-opens=java.prefs/java.util.prefs=ALL-UNNAMED --add-opens=java.prefs/java.util.prefs=ALL-UNNAMED --add-opens=java.base/java.nio.charset=ALL-UNNAMED --add-opens=java.base/java.net=ALL-UNNAMED --add-opens=java.base/java.util.concurrent.atomic=ALL-UNNAMED -Xmx2048m -Dfile.encoding=UTF-8 -Duser.country=PH -Duser.language=en -Duser.variant 
java_command: org.gradle.launcher.daemon.bootstrap.GradleDaemon 7.5-rc-3
java_class_path (initial): C:\Users\Adrianne Lois\.gradle\wrapper\dists\gradle-7.5-rc-3-bin\a638aahvmbtz2jer013406uu9\gradle-7.5-rc-3\lib\gradle-launcher-7.5.jar
Launcher Type: SUN_STANDARD

[Global flags]
     intx CICompilerCount                          = 4                                         {product} {ergonomic}
     uint ConcGCThreads                            = 2                                         {product} {ergonomic}
     uint G1ConcRefinementThreads                  = 8                                         {product} {ergonomic}
   size_t G1HeapRegionSize                         = 1048576                                   {product} {ergonomic}
    uintx GCDrainStackTargetSize                   = 64                                        {product} {ergonomic}
   size_t InitialHeapSize                          = 132120576                                 {product} {ergonomic}
   size_t MarkStackSize                            = 4194304                                   {product} {ergonomic}
   size_t MaxHeapSize                              = 2147483648                                {product} {command line}
   size_t MaxNewSize                               = 1287651328                                {product} {ergonomic}
   size_t MinHeapDeltaBytes                        = 1048576                                   {product} {ergonomic}
    uintx NonNMethodCodeHeapSize                   = 5836300                                {pd product} {ergonomic}
    uintx NonProfiledCodeHeapSize                  = 122910970                              {pd product} {ergonomic}
    uintx ProfiledCodeHeapSize                     = 122910970                              {pd product} {ergonomic}
    uintx ReservedCodeCacheSize                    = 251658240                              {pd product} {ergonomic}
     bool SegmentedCodeCache                       = true                                      {product} {ergonomic}
     bool UseCompressedClassPointers               = true                                 {lp64_product} {ergonomic}
     bool UseCompressedOops                        = true                                 {lp64_product} {ergonomic}
     bool UseG1GC                                  = true                                      {product} {ergonomic}
     bool UseLargePagesIndividualAllocation        = false                                  {pd product} {ergonomic}

Logging:
Log output configuration:
 #0: stdout all=warning uptime,level,tags
 #1: stderr all=off uptime,level,tags

Environment Variables:
PATH=C:\Windows\system32;C:\Windows;C:\Windows\System32\Wbem;C:\Windows\System32\WindowsPowerShell\v1.0\;C:\Windows\System32\OpenSSH\;C:\Program Files (x86)\NVIDIA Corporation\PhysX\Common;C:\Program Files\NVIDIA Corporation\NVIDIA NvDLISR;C:\Program Files\dotnet\;C:\Program Files\Microsoft SQL Server\130\Tools\Binn\;C:\WINDOWS\system32;C:\WINDOWS;C:\WINDOWS\System32\Wbem;C:\WINDOWS\System32\WindowsPowerShell\v1.0\;C:\WINDOWS\System32\OpenSSH\;D:\Program Files\dotnet\;C:\Users\Adrianne Lois\AppData\Local\Microsoft\WindowsApps
USERNAME=Adrianne Lois
OS=Windows_NT
PROCESSOR_IDENTIFIER=Intel64 Family 6 Model 165 Stepping 2, GenuineIntel



---------------  S Y S T E M  ---------------

OS: Windows 10 , 64 bit Build 22000 (10.0.22000.708)
OS uptime: 0 days 6:44 hours

CPU:total 8 (initial active 8) (4 cores per cpu, 2 threads per core) family 6 model 165 stepping 2 microcode 0xe0, cmov, cx8, fxsr, mmx, sse, sse2, sse3, ssse3, sse4.1, sse4.2, popcnt, avx, avx2, aes, clmul, erms, 3dnowpref, lzcnt, ht, tsc, tscinvbit, bmi1, bmi2, adx, fma

Memory: 4k page, system-wide physical 8023M (478M free)
TotalPageFile size 10071M (AvailPageFile size 46M)
current process WorkingSet (physical memory assigned to process): 659M, peak: 669M
current process commit charge ("private bytes"): 702M, peak: 759M

vm_info: OpenJDK 64-Bit Server VM (11.0.12+7-b1504.28-7817840) for windows-amd64 JRE (11.0.12+7-b1504.28-7817840), built on Oct 13 2021 22:12:33 by "builder" with MS VC++ 14.0 (VS2015)

END.
